2023-02-05 20:25:11,100 - mmcls - INFO - Environment info:
------------------------------------------------------------
sys.platform: linux
Python: 3.8.16 (default, Jan 17 2023, 23:13:24) [GCC 11.2.0]
CUDA available: True
GPU 0: NVIDIA GeForce RTX 3090
CUDA_HOME: /data/apps/cuda/11.3
NVCC: Cuda compilation tools, release 11.3, V11.3.58
GCC: gcc (GCC) 7.3.0
PyTorch: 1.10.1+cu113
PyTorch compiling details: PyTorch built with:
  - GCC 7.3
  - C++ Version: 201402
  - Intel(R) Math Kernel Library Version 2020.0.0 Product Build 20191122 for Intel(R) 64 architecture applications
  - Intel(R) MKL-DNN v2.2.3 (Git Hash 7336ca9f055cf1bfa13efb658fe15dc9b41f0740)
  - OpenMP 201511 (a.k.a. OpenMP 4.5)
  - LAPACK is enabled (usually provided by MKL)
  - NNPACK is enabled
  - CPU capability usage: AVX2
  - CUDA Runtime 11.3
  - NVCC architecture flags: -gencode;arch=compute_37,code=sm_37;-gencode;arch=compute_50,code=sm_50;-gencode;arch=compute_60,code=sm_60;-gencode;arch=compute_70,code=sm_70;-gencode;arch=compute_75,code=sm_75;-gencode;arch=compute_80,code=sm_80;-gencode;arch=compute_86,code=sm_86
  - CuDNN 8.2
  - Magma 2.5.2
  - Build settings: BLAS_INFO=mkl, BUILD_TYPE=Release, CUDA_VERSION=11.3, CUDNN_VERSION=8.2.0, CXX_COMPILER=/opt/rh/devtoolset-7/root/usr/bin/c++, CXX_FLAGS= -Wno-deprecated -fvisibility-inlines-hidden -DUSE_PTHREADPOOL -fopenmp -DNDEBUG -DUSE_KINETO -DUSE_FBGEMM -DUSE_QNNPACK -DUSE_PYTORCH_QNNPACK -DUSE_XNNPACK -DSYMBOLICATE_MOBILE_DEBUG_HANDLE -DEDGE_PROFILER_USE_KINETO -O2 -fPIC -Wno-narrowing -Wall -Wextra -Werror=return-type -Wno-missing-field-initializers -Wno-type-limits -Wno-array-bounds -Wno-unknown-pragmas -Wno-sign-compare -Wno-unused-parameter -Wno-unused-variable -Wno-unused-function -Wno-unused-result -Wno-unused-local-typedefs -Wno-strict-overflow -Wno-strict-aliasing -Wno-error=deprecated-declarations -Wno-stringop-overflow -Wno-psabi -Wno-error=pedantic -Wno-error=redundant-decls -Wno-error=old-style-cast -fdiagnostics-color=always -faligned-new -Wno-unused-but-set-variable -Wno-maybe-uninitialized -fno-math-errno -fno-trapping-math -Werror=format -Wno-stringop-overflow, LAPACK_INFO=mkl, PERF_WITH_AVX=1, PERF_WITH_AVX2=1, PERF_WITH_AVX512=1, TORCH_VERSION=1.10.1, USE_CUDA=ON, USE_CUDNN=ON, USE_EXCEPTION_PTR=1, USE_GFLAGS=OFF, USE_GLOG=OFF, USE_MKL=ON, USE_MKLDNN=ON, USE_MPI=OFF, USE_NCCL=ON, USE_NNPACK=ON, USE_OPENMP=ON, 

TorchVision: 0.11.2+cu113
OpenCV: 4.7.0
MMCV: 1.7.0
MMCV Compiler: GCC 9.3
MMCV CUDA Compiler: 11.3
MMClassification: 0.25.0+3d4f80d
------------------------------------------------------------

2023-02-05 20:25:11,101 - mmcls - INFO - Distributed training: False
2023-02-05 20:25:11,200 - mmcls - INFO - Config:
model = dict(
    type='ImageClassifier',
    backbone=dict(
        type='ResNet',
        depth=18,
        num_stages=4,
        out_indices=(3, ),
        style='pytorch'),
    neck=dict(type='GlobalAveragePooling'),
    head=dict(
        type='LinearClsHead',
        num_classes=5,
        in_channels=512,
        loss=dict(type='CrossEntropyLoss', loss_weight=1.0),
        topk=(1, )))
dataset_type = 'ImageNet'
img_norm_cfg = dict(
    mean=[123.675, 116.28, 103.53], std=[58.395, 57.12, 57.375], to_rgb=True)
train_pipeline = [
    dict(type='LoadImageFromFile'),
    dict(type='RandomResizedCrop', size=224),
    dict(type='RandomFlip', flip_prob=0.5, direction='horizontal'),
    dict(
        type='Normalize',
        mean=[123.675, 116.28, 103.53],
        std=[58.395, 57.12, 57.375],
        to_rgb=True),
    dict(type='ImageToTensor', keys=['img']),
    dict(type='ToTensor', keys=['gt_label']),
    dict(type='Collect', keys=['img', 'gt_label'])
]
test_pipeline = [
    dict(type='LoadImageFromFile'),
    dict(type='Resize', size=(256, -1)),
    dict(type='CenterCrop', crop_size=224),
    dict(
        type='Normalize',
        mean=[123.675, 116.28, 103.53],
        std=[58.395, 57.12, 57.375],
        to_rgb=True),
    dict(type='ImageToTensor', keys=['img']),
    dict(type='Collect', keys=['img'])
]
data = dict(
    samples_per_gpu=32,
    workers_per_gpu=2,
    train=dict(
        type='ImageNet',
        data_prefix='data/flower_dataset/train',
        pipeline=[
            dict(type='LoadImageFromFile'),
            dict(type='RandomResizedCrop', size=224),
            dict(type='RandomFlip', flip_prob=0.5, direction='horizontal'),
            dict(
                type='Normalize',
                mean=[123.675, 116.28, 103.53],
                std=[58.395, 57.12, 57.375],
                to_rgb=True),
            dict(type='ImageToTensor', keys=['img']),
            dict(type='ToTensor', keys=['gt_label']),
            dict(type='Collect', keys=['img', 'gt_label'])
        ],
        ann_file='data/flower_dataset/train.txt',
        classes='data/flower_dataset/classes.txt'),
    val=dict(
        type='ImageNet',
        data_prefix='data/flower_dataset/val',
        ann_file='data/flower_dataset/val.txt',
        pipeline=[
            dict(type='LoadImageFromFile'),
            dict(type='Resize', size=(256, -1)),
            dict(type='CenterCrop', crop_size=224),
            dict(
                type='Normalize',
                mean=[123.675, 116.28, 103.53],
                std=[58.395, 57.12, 57.375],
                to_rgb=True),
            dict(type='ImageToTensor', keys=['img']),
            dict(type='Collect', keys=['img'])
        ],
        classes='data/flower_dataset/classes.txt'),
    test=dict(
        type='ImageNet',
        data_prefix='data/imagenet/val',
        ann_file='data/imagenet/meta/val.txt',
        pipeline=[
            dict(type='LoadImageFromFile'),
            dict(type='Resize', size=(256, -1)),
            dict(type='CenterCrop', crop_size=224),
            dict(
                type='Normalize',
                mean=[123.675, 116.28, 103.53],
                std=[58.395, 57.12, 57.375],
                to_rgb=True),
            dict(type='ImageToTensor', keys=['img']),
            dict(type='Collect', keys=['img'])
        ]))
evaluation = dict(
    interval=1, metric='accuracy', metric_options=dict(topk=(1, )))
optimizer = dict(type='SGD', lr=0.001, momentum=0.9, weight_decay=0.0001)
optimizer_config = dict(grad_clip=None)
lr_config = dict(policy='step', step=[1])
runner = dict(type='EpochBasedRunner', max_epochs=100)
checkpoint_config = dict(interval=1)
log_config = dict(interval=100, hooks=[dict(type='TextLoggerHook')])
dist_params = dict(backend='nccl')
log_level = 'INFO'
load_from = '/HOME/scz0ap9/run/mmcls025/mmclassification/checkpoints/resnet18_8xb32_in1k_20210831-fbbb1da6.pth'
resume_from = None
workflow = [('train', 1)]
work_dir = 'assignment/flower'
gpu_ids = [0]

2023-02-05 20:25:11,201 - mmcls - INFO - Set random seed to 75621032, deterministic: False
2023-02-05 20:25:11,287 - mmcls - INFO - initialize ResNet with init_cfg [{'type': 'Kaiming', 'layer': ['Conv2d']}, {'type': 'Constant', 'val': 1, 'layer': ['_BatchNorm', 'GroupNorm']}]
2023-02-05 20:25:11,380 - mmcls - INFO - initialize LinearClsHead with init_cfg {'type': 'Normal', 'layer': 'Linear', 'std': 0.01}
Name of parameter - Initialization information

backbone.conv1.weight - torch.Size([64, 3, 7, 7]): 
KaimingInit: a=0, mode=fan_out, nonlinearity=relu, distribution =normal, bias=0 

backbone.bn1.weight - torch.Size([64]): 
The value is the same before and after calling `init_weights` of ImageClassifier  

backbone.bn1.bias - torch.Size([64]): 
The value is the same before and after calling `init_weights` of ImageClassifier  

backbone.layer1.0.conv1.weight - torch.Size([64, 64, 3, 3]): 
KaimingInit: a=0, mode=fan_out, nonlinearity=relu, distribution =normal, bias=0 

backbone.layer1.0.bn1.weight - torch.Size([64]): 
The value is the same before and after calling `init_weights` of ImageClassifier  

backbone.layer1.0.bn1.bias - torch.Size([64]): 
The value is the same before and after calling `init_weights` of ImageClassifier  

backbone.layer1.0.conv2.weight - torch.Size([64, 64, 3, 3]): 
KaimingInit: a=0, mode=fan_out, nonlinearity=relu, distribution =normal, bias=0 

backbone.layer1.0.bn2.weight - torch.Size([64]): 
Initialized by user-defined `init_weights` in ResNet  

backbone.layer1.0.bn2.bias - torch.Size([64]): 
The value is the same before and after calling `init_weights` of ImageClassifier  

backbone.layer1.1.conv1.weight - torch.Size([64, 64, 3, 3]): 
KaimingInit: a=0, mode=fan_out, nonlinearity=relu, distribution =normal, bias=0 

backbone.layer1.1.bn1.weight - torch.Size([64]): 
The value is the same before and after calling `init_weights` of ImageClassifier  

backbone.layer1.1.bn1.bias - torch.Size([64]): 
The value is the same before and after calling `init_weights` of ImageClassifier  

backbone.layer1.1.conv2.weight - torch.Size([64, 64, 3, 3]): 
KaimingInit: a=0, mode=fan_out, nonlinearity=relu, distribution =normal, bias=0 

backbone.layer1.1.bn2.weight - torch.Size([64]): 
Initialized by user-defined `init_weights` in ResNet  

backbone.layer1.1.bn2.bias - torch.Size([64]): 
The value is the same before and after calling `init_weights` of ImageClassifier  

backbone.layer2.0.conv1.weight - torch.Size([128, 64, 3, 3]): 
KaimingInit: a=0, mode=fan_out, nonlinearity=relu, distribution =normal, bias=0 

backbone.layer2.0.bn1.weight - torch.Size([128]): 
The value is the same before and after calling `init_weights` of ImageClassifier  

backbone.layer2.0.bn1.bias - torch.Size([128]): 
The value is the same before and after calling `init_weights` of ImageClassifier  

backbone.layer2.0.conv2.weight - torch.Size([128, 128, 3, 3]): 
KaimingInit: a=0, mode=fan_out, nonlinearity=relu, distribution =normal, bias=0 

backbone.layer2.0.bn2.weight - torch.Size([128]): 
Initialized by user-defined `init_weights` in ResNet  

backbone.layer2.0.bn2.bias - torch.Size([128]): 
The value is the same before and after calling `init_weights` of ImageClassifier  

backbone.layer2.0.downsample.0.weight - torch.Size([128, 64, 1, 1]): 
KaimingInit: a=0, mode=fan_out, nonlinearity=relu, distribution =normal, bias=0 

backbone.layer2.0.downsample.1.weight - torch.Size([128]): 
The value is the same before and after calling `init_weights` of ImageClassifier  

backbone.layer2.0.downsample.1.bias - torch.Size([128]): 
The value is the same before and after calling `init_weights` of ImageClassifier  

backbone.layer2.1.conv1.weight - torch.Size([128, 128, 3, 3]): 
KaimingInit: a=0, mode=fan_out, nonlinearity=relu, distribution =normal, bias=0 

backbone.layer2.1.bn1.weight - torch.Size([128]): 
The value is the same before and after calling `init_weights` of ImageClassifier  

backbone.layer2.1.bn1.bias - torch.Size([128]): 
The value is the same before and after calling `init_weights` of ImageClassifier  

backbone.layer2.1.conv2.weight - torch.Size([128, 128, 3, 3]): 
KaimingInit: a=0, mode=fan_out, nonlinearity=relu, distribution =normal, bias=0 

backbone.layer2.1.bn2.weight - torch.Size([128]): 
Initialized by user-defined `init_weights` in ResNet  

backbone.layer2.1.bn2.bias - torch.Size([128]): 
The value is the same before and after calling `init_weights` of ImageClassifier  

backbone.layer3.0.conv1.weight - torch.Size([256, 128, 3, 3]): 
KaimingInit: a=0, mode=fan_out, nonlinearity=relu, distribution =normal, bias=0 

backbone.layer3.0.bn1.weight - torch.Size([256]): 
The value is the same before and after calling `init_weights` of ImageClassifier  

backbone.layer3.0.bn1.bias - torch.Size([256]): 
The value is the same before and after calling `init_weights` of ImageClassifier  

backbone.layer3.0.conv2.weight - torch.Size([256, 256, 3, 3]): 
KaimingInit: a=0, mode=fan_out, nonlinearity=relu, distribution =normal, bias=0 

backbone.layer3.0.bn2.weight - torch.Size([256]): 
Initialized by user-defined `init_weights` in ResNet  

backbone.layer3.0.bn2.bias - torch.Size([256]): 
The value is the same before and after calling `init_weights` of ImageClassifier  

backbone.layer3.0.downsample.0.weight - torch.Size([256, 128, 1, 1]): 
KaimingInit: a=0, mode=fan_out, nonlinearity=relu, distribution =normal, bias=0 

backbone.layer3.0.downsample.1.weight - torch.Size([256]): 
The value is the same before and after calling `init_weights` of ImageClassifier  

backbone.layer3.0.downsample.1.bias - torch.Size([256]): 
The value is the same before and after calling `init_weights` of ImageClassifier  

backbone.layer3.1.conv1.weight - torch.Size([256, 256, 3, 3]): 
KaimingInit: a=0, mode=fan_out, nonlinearity=relu, distribution =normal, bias=0 

backbone.layer3.1.bn1.weight - torch.Size([256]): 
The value is the same before and after calling `init_weights` of ImageClassifier  

backbone.layer3.1.bn1.bias - torch.Size([256]): 
The value is the same before and after calling `init_weights` of ImageClassifier  

backbone.layer3.1.conv2.weight - torch.Size([256, 256, 3, 3]): 
KaimingInit: a=0, mode=fan_out, nonlinearity=relu, distribution =normal, bias=0 

backbone.layer3.1.bn2.weight - torch.Size([256]): 
Initialized by user-defined `init_weights` in ResNet  

backbone.layer3.1.bn2.bias - torch.Size([256]): 
The value is the same before and after calling `init_weights` of ImageClassifier  

backbone.layer4.0.conv1.weight - torch.Size([512, 256, 3, 3]): 
KaimingInit: a=0, mode=fan_out, nonlinearity=relu, distribution =normal, bias=0 

backbone.layer4.0.bn1.weight - torch.Size([512]): 
The value is the same before and after calling `init_weights` of ImageClassifier  

backbone.layer4.0.bn1.bias - torch.Size([512]): 
The value is the same before and after calling `init_weights` of ImageClassifier  

backbone.layer4.0.conv2.weight - torch.Size([512, 512, 3, 3]): 
KaimingInit: a=0, mode=fan_out, nonlinearity=relu, distribution =normal, bias=0 

backbone.layer4.0.bn2.weight - torch.Size([512]): 
Initialized by user-defined `init_weights` in ResNet  

backbone.layer4.0.bn2.bias - torch.Size([512]): 
The value is the same before and after calling `init_weights` of ImageClassifier  

backbone.layer4.0.downsample.0.weight - torch.Size([512, 256, 1, 1]): 
KaimingInit: a=0, mode=fan_out, nonlinearity=relu, distribution =normal, bias=0 

backbone.layer4.0.downsample.1.weight - torch.Size([512]): 
The value is the same before and after calling `init_weights` of ImageClassifier  

backbone.layer4.0.downsample.1.bias - torch.Size([512]): 
The value is the same before and after calling `init_weights` of ImageClassifier  

backbone.layer4.1.conv1.weight - torch.Size([512, 512, 3, 3]): 
KaimingInit: a=0, mode=fan_out, nonlinearity=relu, distribution =normal, bias=0 

backbone.layer4.1.bn1.weight - torch.Size([512]): 
The value is the same before and after calling `init_weights` of ImageClassifier  

backbone.layer4.1.bn1.bias - torch.Size([512]): 
The value is the same before and after calling `init_weights` of ImageClassifier  

backbone.layer4.1.conv2.weight - torch.Size([512, 512, 3, 3]): 
KaimingInit: a=0, mode=fan_out, nonlinearity=relu, distribution =normal, bias=0 

backbone.layer4.1.bn2.weight - torch.Size([512]): 
Initialized by user-defined `init_weights` in ResNet  

backbone.layer4.1.bn2.bias - torch.Size([512]): 
The value is the same before and after calling `init_weights` of ImageClassifier  

head.fc.weight - torch.Size([5, 512]): 
NormalInit: mean=0, std=0.01, bias=0 

head.fc.bias - torch.Size([5]): 
NormalInit: mean=0, std=0.01, bias=0 
2023-02-05 20:25:17,397 - mmcls - INFO - load checkpoint from local path: /HOME/scz0ap9/run/mmcls025/mmclassification/checkpoints/resnet18_8xb32_in1k_20210831-fbbb1da6.pth
2023-02-05 20:25:17,493 - mmcls - WARNING - The model and loaded state dict do not match exactly

size mismatch for head.fc.weight: copying a param with shape torch.Size([1000, 512]) from checkpoint, the shape in current model is torch.Size([5, 512]).
size mismatch for head.fc.bias: copying a param with shape torch.Size([1000]) from checkpoint, the shape in current model is torch.Size([5]).
2023-02-05 20:25:17,495 - mmcls - INFO - Start running, host: scz0ap9@g0099, work_dir: /data/run01/scz0ap9/mmcls025/mmclassification/assignment/flower
2023-02-05 20:25:17,495 - mmcls - INFO - Hooks will be executed in the following order:
before_run:
(VERY_HIGH   ) StepLrUpdaterHook                  
(NORMAL      ) CheckpointHook                     
(LOW         ) EvalHook                           
(VERY_LOW    ) TextLoggerHook                     
 -------------------- 
before_train_epoch:
(VERY_HIGH   ) StepLrUpdaterHook                  
(LOW         ) IterTimerHook                      
(LOW         ) EvalHook                           
(VERY_LOW    ) TextLoggerHook                     
 -------------------- 
before_train_iter:
(VERY_HIGH   ) StepLrUpdaterHook                  
(LOW         ) IterTimerHook                      
(LOW         ) EvalHook                           
 -------------------- 
after_train_iter:
(ABOVE_NORMAL) OptimizerHook                      
(NORMAL      ) CheckpointHook                     
(LOW         ) IterTimerHook                      
(LOW         ) EvalHook                           
(VERY_LOW    ) TextLoggerHook                     
 -------------------- 
after_train_epoch:
(NORMAL      ) CheckpointHook                     
(LOW         ) EvalHook                           
(VERY_LOW    ) TextLoggerHook                     
 -------------------- 
before_val_epoch:
(LOW         ) IterTimerHook                      
(VERY_LOW    ) TextLoggerHook                     
 -------------------- 
before_val_iter:
(LOW         ) IterTimerHook                      
 -------------------- 
after_val_iter:
(LOW         ) IterTimerHook                      
 -------------------- 
after_val_epoch:
(VERY_LOW    ) TextLoggerHook                     
 -------------------- 
after_run:
(VERY_LOW    ) TextLoggerHook                     
 -------------------- 
2023-02-05 20:25:17,495 - mmcls - INFO - workflow: [('train', 1)], max: 100 epochs
2023-02-05 20:25:17,495 - mmcls - INFO - Checkpoints will be saved to /data/run01/scz0ap9/mmcls025/mmclassification/assignment/flower by HardDiskBackend.
2023-02-05 20:25:34,323 - mmcls - INFO - Saving checkpoint at 1 epochs
2023-02-05 20:25:36,117 - mmcls - INFO - Epoch(val) [1][18]	accuracy_top-1: 90.3846
2023-02-05 20:25:41,582 - mmcls - INFO - Saving checkpoint at 2 epochs
2023-02-05 20:25:42,562 - mmcls - INFO - Epoch(val) [2][18]	accuracy_top-1: 91.9580
2023-02-05 20:25:47,952 - mmcls - INFO - Saving checkpoint at 3 epochs
2023-02-05 20:25:48,929 - mmcls - INFO - Epoch(val) [3][18]	accuracy_top-1: 92.3077
2023-02-05 20:25:54,360 - mmcls - INFO - Saving checkpoint at 4 epochs
2023-02-05 20:25:55,337 - mmcls - INFO - Epoch(val) [4][18]	accuracy_top-1: 91.7832
2023-02-05 20:26:00,737 - mmcls - INFO - Saving checkpoint at 5 epochs
2023-02-05 20:26:01,718 - mmcls - INFO - Epoch(val) [5][18]	accuracy_top-1: 92.3077
2023-02-05 20:26:07,195 - mmcls - INFO - Saving checkpoint at 6 epochs
2023-02-05 20:26:08,194 - mmcls - INFO - Epoch(val) [6][18]	accuracy_top-1: 92.4825
2023-02-05 20:26:13,604 - mmcls - INFO - Saving checkpoint at 7 epochs
2023-02-05 20:26:14,595 - mmcls - INFO - Epoch(val) [7][18]	accuracy_top-1: 92.6573
2023-02-05 20:26:20,038 - mmcls - INFO - Saving checkpoint at 8 epochs
2023-02-05 20:26:21,027 - mmcls - INFO - Epoch(val) [8][18]	accuracy_top-1: 93.0070
2023-02-05 20:26:26,437 - mmcls - INFO - Saving checkpoint at 9 epochs
2023-02-05 20:26:27,424 - mmcls - INFO - Epoch(val) [9][18]	accuracy_top-1: 92.8322
2023-02-05 20:26:32,835 - mmcls - INFO - Saving checkpoint at 10 epochs
2023-02-05 20:26:33,818 - mmcls - INFO - Epoch(val) [10][18]	accuracy_top-1: 93.0070
2023-02-05 20:26:39,247 - mmcls - INFO - Saving checkpoint at 11 epochs
2023-02-05 20:26:40,233 - mmcls - INFO - Epoch(val) [11][18]	accuracy_top-1: 94.0559
2023-02-05 20:26:45,642 - mmcls - INFO - Saving checkpoint at 12 epochs
2023-02-05 20:26:46,626 - mmcls - INFO - Epoch(val) [12][18]	accuracy_top-1: 93.7063
2023-02-05 20:26:52,052 - mmcls - INFO - Saving checkpoint at 13 epochs
2023-02-05 20:26:53,032 - mmcls - INFO - Epoch(val) [13][18]	accuracy_top-1: 93.7063
2023-02-05 20:26:58,445 - mmcls - INFO - Saving checkpoint at 14 epochs
2023-02-05 20:26:59,432 - mmcls - INFO - Epoch(val) [14][18]	accuracy_top-1: 93.1818
2023-02-05 20:27:04,869 - mmcls - INFO - Saving checkpoint at 15 epochs
2023-02-05 20:27:05,844 - mmcls - INFO - Epoch(val) [15][18]	accuracy_top-1: 93.7063
2023-02-05 20:27:11,275 - mmcls - INFO - Saving checkpoint at 16 epochs
2023-02-05 20:27:12,253 - mmcls - INFO - Epoch(val) [16][18]	accuracy_top-1: 93.7063
2023-02-05 20:27:17,715 - mmcls - INFO - Saving checkpoint at 17 epochs
2023-02-05 20:27:18,695 - mmcls - INFO - Epoch(val) [17][18]	accuracy_top-1: 93.8811
2023-02-05 20:27:24,144 - mmcls - INFO - Saving checkpoint at 18 epochs
2023-02-05 20:27:25,124 - mmcls - INFO - Epoch(val) [18][18]	accuracy_top-1: 93.5315
2023-02-05 20:27:30,558 - mmcls - INFO - Saving checkpoint at 19 epochs
2023-02-05 20:27:31,541 - mmcls - INFO - Epoch(val) [19][18]	accuracy_top-1: 94.9301
2023-02-05 20:27:36,966 - mmcls - INFO - Saving checkpoint at 20 epochs
2023-02-05 20:27:37,962 - mmcls - INFO - Epoch(val) [20][18]	accuracy_top-1: 94.4056
2023-02-05 20:27:43,391 - mmcls - INFO - Saving checkpoint at 21 epochs
2023-02-05 20:27:44,378 - mmcls - INFO - Epoch(val) [21][18]	accuracy_top-1: 93.7063
2023-02-05 20:27:49,833 - mmcls - INFO - Saving checkpoint at 22 epochs
2023-02-05 20:27:50,813 - mmcls - INFO - Epoch(val) [22][18]	accuracy_top-1: 94.9301
2023-02-05 20:27:56,299 - mmcls - INFO - Saving checkpoint at 23 epochs
2023-02-05 20:27:57,284 - mmcls - INFO - Epoch(val) [23][18]	accuracy_top-1: 94.7552
2023-02-05 20:28:02,711 - mmcls - INFO - Saving checkpoint at 24 epochs
2023-02-05 20:28:03,694 - mmcls - INFO - Epoch(val) [24][18]	accuracy_top-1: 94.2308
2023-02-05 20:28:09,139 - mmcls - INFO - Saving checkpoint at 25 epochs
2023-02-05 20:28:10,120 - mmcls - INFO - Epoch(val) [25][18]	accuracy_top-1: 95.2797
2023-02-05 20:28:15,597 - mmcls - INFO - Saving checkpoint at 26 epochs
2023-02-05 20:28:16,588 - mmcls - INFO - Epoch(val) [26][18]	accuracy_top-1: 94.7552
2023-02-05 20:28:22,043 - mmcls - INFO - Saving checkpoint at 27 epochs
2023-02-05 20:28:23,027 - mmcls - INFO - Epoch(val) [27][18]	accuracy_top-1: 94.0559
2023-02-05 20:28:28,495 - mmcls - INFO - Saving checkpoint at 28 epochs
2023-02-05 20:28:29,488 - mmcls - INFO - Epoch(val) [28][18]	accuracy_top-1: 94.9301
2023-02-05 20:28:34,946 - mmcls - INFO - Saving checkpoint at 29 epochs
2023-02-05 20:28:35,927 - mmcls - INFO - Epoch(val) [29][18]	accuracy_top-1: 94.5804
2023-02-05 20:28:41,393 - mmcls - INFO - Saving checkpoint at 30 epochs
2023-02-05 20:28:42,372 - mmcls - INFO - Epoch(val) [30][18]	accuracy_top-1: 95.1049
2023-02-05 20:28:47,823 - mmcls - INFO - Saving checkpoint at 31 epochs
2023-02-05 20:28:48,807 - mmcls - INFO - Epoch(val) [31][18]	accuracy_top-1: 94.4056
2023-02-05 20:28:54,252 - mmcls - INFO - Saving checkpoint at 32 epochs
2023-02-05 20:28:55,229 - mmcls - INFO - Epoch(val) [32][18]	accuracy_top-1: 94.7552
2023-02-05 20:29:00,674 - mmcls - INFO - Saving checkpoint at 33 epochs
2023-02-05 20:29:01,654 - mmcls - INFO - Epoch(val) [33][18]	accuracy_top-1: 94.4056
2023-02-05 20:29:07,089 - mmcls - INFO - Saving checkpoint at 34 epochs
2023-02-05 20:29:08,079 - mmcls - INFO - Epoch(val) [34][18]	accuracy_top-1: 95.4545
2023-02-05 20:29:13,496 - mmcls - INFO - Saving checkpoint at 35 epochs
2023-02-05 20:29:14,476 - mmcls - INFO - Epoch(val) [35][18]	accuracy_top-1: 94.2308
2023-02-05 20:29:19,981 - mmcls - INFO - Saving checkpoint at 36 epochs
2023-02-05 20:29:20,955 - mmcls - INFO - Epoch(val) [36][18]	accuracy_top-1: 95.1049
2023-02-05 20:29:26,387 - mmcls - INFO - Saving checkpoint at 37 epochs
2023-02-05 20:29:27,363 - mmcls - INFO - Epoch(val) [37][18]	accuracy_top-1: 93.7063
2023-02-05 20:29:32,869 - mmcls - INFO - Saving checkpoint at 38 epochs
2023-02-05 20:29:33,847 - mmcls - INFO - Epoch(val) [38][18]	accuracy_top-1: 95.2797
2023-02-05 20:29:39,316 - mmcls - INFO - Saving checkpoint at 39 epochs
2023-02-05 20:29:40,303 - mmcls - INFO - Epoch(val) [39][18]	accuracy_top-1: 94.4056
2023-02-05 20:29:45,783 - mmcls - INFO - Saving checkpoint at 40 epochs
2023-02-05 20:29:46,777 - mmcls - INFO - Epoch(val) [40][18]	accuracy_top-1: 95.6294
2023-02-05 20:29:52,234 - mmcls - INFO - Saving checkpoint at 41 epochs
2023-02-05 20:29:53,220 - mmcls - INFO - Epoch(val) [41][18]	accuracy_top-1: 94.7552
2023-02-05 20:29:58,711 - mmcls - INFO - Saving checkpoint at 42 epochs
2023-02-05 20:29:59,702 - mmcls - INFO - Epoch(val) [42][18]	accuracy_top-1: 95.1049
2023-02-05 20:30:05,143 - mmcls - INFO - Saving checkpoint at 43 epochs
2023-02-05 20:30:06,125 - mmcls - INFO - Epoch(val) [43][18]	accuracy_top-1: 95.2797
2023-02-05 20:30:11,571 - mmcls - INFO - Saving checkpoint at 44 epochs
2023-02-05 20:30:12,546 - mmcls - INFO - Epoch(val) [44][18]	accuracy_top-1: 94.4056
2023-02-05 20:30:17,954 - mmcls - INFO - Saving checkpoint at 45 epochs
2023-02-05 20:30:18,929 - mmcls - INFO - Epoch(val) [45][18]	accuracy_top-1: 94.4056
2023-02-05 20:30:24,395 - mmcls - INFO - Saving checkpoint at 46 epochs
2023-02-05 20:30:25,377 - mmcls - INFO - Epoch(val) [46][18]	accuracy_top-1: 94.9301
2023-02-05 20:30:30,867 - mmcls - INFO - Saving checkpoint at 47 epochs
2023-02-05 20:30:31,849 - mmcls - INFO - Epoch(val) [47][18]	accuracy_top-1: 94.5804
2023-02-05 20:30:37,308 - mmcls - INFO - Saving checkpoint at 48 epochs
2023-02-05 20:30:38,300 - mmcls - INFO - Epoch(val) [48][18]	accuracy_top-1: 94.9301
2023-02-05 20:30:43,765 - mmcls - INFO - Saving checkpoint at 49 epochs
2023-02-05 20:30:44,744 - mmcls - INFO - Epoch(val) [49][18]	accuracy_top-1: 95.2797
2023-02-05 20:30:50,165 - mmcls - INFO - Saving checkpoint at 50 epochs
2023-02-05 20:30:51,144 - mmcls - INFO - Epoch(val) [50][18]	accuracy_top-1: 95.1049
2023-02-05 20:30:56,598 - mmcls - INFO - Saving checkpoint at 51 epochs
2023-02-05 20:30:57,583 - mmcls - INFO - Epoch(val) [51][18]	accuracy_top-1: 95.6294
2023-02-05 20:31:03,045 - mmcls - INFO - Saving checkpoint at 52 epochs
2023-02-05 20:31:04,024 - mmcls - INFO - Epoch(val) [52][18]	accuracy_top-1: 95.4545
2023-02-05 20:31:09,477 - mmcls - INFO - Saving checkpoint at 53 epochs
2023-02-05 20:31:10,466 - mmcls - INFO - Epoch(val) [53][18]	accuracy_top-1: 95.1049
2023-02-05 20:31:15,938 - mmcls - INFO - Saving checkpoint at 54 epochs
2023-02-05 20:31:16,918 - mmcls - INFO - Epoch(val) [54][18]	accuracy_top-1: 95.6294
2023-02-05 20:31:22,437 - mmcls - INFO - Saving checkpoint at 55 epochs
2023-02-05 20:31:23,419 - mmcls - INFO - Epoch(val) [55][18]	accuracy_top-1: 94.9301
2023-02-05 20:31:28,877 - mmcls - INFO - Saving checkpoint at 56 epochs
2023-02-05 20:31:29,858 - mmcls - INFO - Epoch(val) [56][18]	accuracy_top-1: 95.2797
2023-02-05 20:31:35,336 - mmcls - INFO - Saving checkpoint at 57 epochs
2023-02-05 20:31:36,326 - mmcls - INFO - Epoch(val) [57][18]	accuracy_top-1: 96.3287
2023-02-05 20:31:41,810 - mmcls - INFO - Saving checkpoint at 58 epochs
2023-02-05 20:31:42,788 - mmcls - INFO - Epoch(val) [58][18]	accuracy_top-1: 95.9790
2023-02-05 20:31:48,226 - mmcls - INFO - Saving checkpoint at 59 epochs
2023-02-05 20:31:49,211 - mmcls - INFO - Epoch(val) [59][18]	accuracy_top-1: 95.1049
2023-02-05 20:31:54,686 - mmcls - INFO - Saving checkpoint at 60 epochs
2023-02-05 20:31:55,673 - mmcls - INFO - Epoch(val) [60][18]	accuracy_top-1: 95.8042
2023-02-05 20:32:01,172 - mmcls - INFO - Saving checkpoint at 61 epochs
2023-02-05 20:32:02,160 - mmcls - INFO - Epoch(val) [61][18]	accuracy_top-1: 94.9301
2023-02-05 20:32:07,621 - mmcls - INFO - Saving checkpoint at 62 epochs
2023-02-05 20:32:08,602 - mmcls - INFO - Epoch(val) [62][18]	accuracy_top-1: 95.8042
2023-02-05 20:32:14,060 - mmcls - INFO - Saving checkpoint at 63 epochs
2023-02-05 20:32:15,043 - mmcls - INFO - Epoch(val) [63][18]	accuracy_top-1: 95.6294
2023-02-05 20:32:20,511 - mmcls - INFO - Saving checkpoint at 64 epochs
2023-02-05 20:32:21,501 - mmcls - INFO - Epoch(val) [64][18]	accuracy_top-1: 94.9301
2023-02-05 20:32:26,964 - mmcls - INFO - Saving checkpoint at 65 epochs
2023-02-05 20:32:27,949 - mmcls - INFO - Epoch(val) [65][18]	accuracy_top-1: 95.4545
2023-02-05 20:32:33,420 - mmcls - INFO - Saving checkpoint at 66 epochs
2023-02-05 20:32:34,413 - mmcls - INFO - Epoch(val) [66][18]	accuracy_top-1: 95.4545
2023-02-05 20:32:39,894 - mmcls - INFO - Saving checkpoint at 67 epochs
2023-02-05 20:32:40,883 - mmcls - INFO - Epoch(val) [67][18]	accuracy_top-1: 95.9790
2023-02-05 20:32:46,413 - mmcls - INFO - Saving checkpoint at 68 epochs
2023-02-05 20:32:47,403 - mmcls - INFO - Epoch(val) [68][18]	accuracy_top-1: 95.4545
2023-02-05 20:32:52,876 - mmcls - INFO - Saving checkpoint at 69 epochs
2023-02-05 20:32:53,855 - mmcls - INFO - Epoch(val) [69][18]	accuracy_top-1: 95.6294
2023-02-05 20:32:59,305 - mmcls - INFO - Saving checkpoint at 70 epochs
2023-02-05 20:33:00,284 - mmcls - INFO - Epoch(val) [70][18]	accuracy_top-1: 94.7552
2023-02-05 20:33:05,720 - mmcls - INFO - Saving checkpoint at 71 epochs
2023-02-05 20:33:06,713 - mmcls - INFO - Epoch(val) [71][18]	accuracy_top-1: 96.3287
2023-02-05 20:33:12,150 - mmcls - INFO - Saving checkpoint at 72 epochs
2023-02-05 20:33:13,138 - mmcls - INFO - Epoch(val) [72][18]	accuracy_top-1: 95.2797
2023-02-05 20:33:18,602 - mmcls - INFO - Saving checkpoint at 73 epochs
2023-02-05 20:33:19,593 - mmcls - INFO - Epoch(val) [73][18]	accuracy_top-1: 95.8042
2023-02-05 20:33:25,099 - mmcls - INFO - Saving checkpoint at 74 epochs
2023-02-05 20:33:26,080 - mmcls - INFO - Epoch(val) [74][18]	accuracy_top-1: 95.6294
2023-02-05 20:33:31,531 - mmcls - INFO - Saving checkpoint at 75 epochs
2023-02-05 20:33:32,513 - mmcls - INFO - Epoch(val) [75][18]	accuracy_top-1: 95.9790
2023-02-05 20:33:37,952 - mmcls - INFO - Saving checkpoint at 76 epochs
2023-02-05 20:33:38,931 - mmcls - INFO - Epoch(val) [76][18]	accuracy_top-1: 94.2308
2023-02-05 20:33:44,385 - mmcls - INFO - Saving checkpoint at 77 epochs
2023-02-05 20:33:45,365 - mmcls - INFO - Epoch(val) [77][18]	accuracy_top-1: 95.6294
2023-02-05 20:33:50,831 - mmcls - INFO - Saving checkpoint at 78 epochs
2023-02-05 20:33:51,830 - mmcls - INFO - Epoch(val) [78][18]	accuracy_top-1: 95.8042
2023-02-05 20:33:57,340 - mmcls - INFO - Saving checkpoint at 79 epochs
2023-02-05 20:33:58,321 - mmcls - INFO - Epoch(val) [79][18]	accuracy_top-1: 95.9790
2023-02-05 20:34:03,809 - mmcls - INFO - Saving checkpoint at 80 epochs
2023-02-05 20:34:04,804 - mmcls - INFO - Epoch(val) [80][18]	accuracy_top-1: 95.8042
2023-02-05 20:34:10,308 - mmcls - INFO - Saving checkpoint at 81 epochs
2023-02-05 20:34:11,300 - mmcls - INFO - Epoch(val) [81][18]	accuracy_top-1: 96.1538
2023-02-05 20:34:16,744 - mmcls - INFO - Saving checkpoint at 82 epochs
2023-02-05 20:34:17,737 - mmcls - INFO - Epoch(val) [82][18]	accuracy_top-1: 95.8042
2023-02-05 20:34:23,217 - mmcls - INFO - Saving checkpoint at 83 epochs
2023-02-05 20:34:24,196 - mmcls - INFO - Epoch(val) [83][18]	accuracy_top-1: 96.6783
2023-02-05 20:34:29,662 - mmcls - INFO - Saving checkpoint at 84 epochs
2023-02-05 20:34:30,648 - mmcls - INFO - Epoch(val) [84][18]	accuracy_top-1: 96.5035
2023-02-05 20:34:36,132 - mmcls - INFO - Saving checkpoint at 85 epochs
2023-02-05 20:34:37,112 - mmcls - INFO - Epoch(val) [85][18]	accuracy_top-1: 95.4545
2023-02-05 20:34:42,588 - mmcls - INFO - Saving checkpoint at 86 epochs
2023-02-05 20:34:43,577 - mmcls - INFO - Epoch(val) [86][18]	accuracy_top-1: 96.1538
2023-02-05 20:34:49,039 - mmcls - INFO - Saving checkpoint at 87 epochs
2023-02-05 20:34:50,022 - mmcls - INFO - Epoch(val) [87][18]	accuracy_top-1: 96.6783
2023-02-05 20:34:55,502 - mmcls - INFO - Saving checkpoint at 88 epochs
2023-02-05 20:34:56,486 - mmcls - INFO - Epoch(val) [88][18]	accuracy_top-1: 95.6294
2023-02-05 20:35:01,909 - mmcls - INFO - Saving checkpoint at 89 epochs
2023-02-05 20:35:02,898 - mmcls - INFO - Epoch(val) [89][18]	accuracy_top-1: 95.9790
2023-02-05 20:35:08,350 - mmcls - INFO - Saving checkpoint at 90 epochs
2023-02-05 20:35:09,328 - mmcls - INFO - Epoch(val) [90][18]	accuracy_top-1: 95.8042
2023-02-05 20:35:14,758 - mmcls - INFO - Saving checkpoint at 91 epochs
2023-02-05 20:35:15,749 - mmcls - INFO - Epoch(val) [91][18]	accuracy_top-1: 96.1538
2023-02-05 20:35:21,233 - mmcls - INFO - Saving checkpoint at 92 epochs
2023-02-05 20:35:22,217 - mmcls - INFO - Epoch(val) [92][18]	accuracy_top-1: 96.5035
2023-02-05 20:35:27,683 - mmcls - INFO - Saving checkpoint at 93 epochs
2023-02-05 20:35:28,669 - mmcls - INFO - Epoch(val) [93][18]	accuracy_top-1: 95.9790
2023-02-05 20:35:34,118 - mmcls - INFO - Saving checkpoint at 94 epochs
2023-02-05 20:35:35,102 - mmcls - INFO - Epoch(val) [94][18]	accuracy_top-1: 95.8042
2023-02-05 20:35:40,535 - mmcls - INFO - Saving checkpoint at 95 epochs
2023-02-05 20:35:41,511 - mmcls - INFO - Epoch(val) [95][18]	accuracy_top-1: 95.8042
2023-02-05 20:35:46,986 - mmcls - INFO - Saving checkpoint at 96 epochs
2023-02-05 20:35:47,970 - mmcls - INFO - Epoch(val) [96][18]	accuracy_top-1: 96.1538
2023-02-05 20:35:53,451 - mmcls - INFO - Saving checkpoint at 97 epochs
2023-02-05 20:35:54,435 - mmcls - INFO - Epoch(val) [97][18]	accuracy_top-1: 95.8042
2023-02-05 20:35:59,903 - mmcls - INFO - Saving checkpoint at 98 epochs
2023-02-05 20:36:00,902 - mmcls - INFO - Epoch(val) [98][18]	accuracy_top-1: 96.3287
2023-02-05 20:36:06,347 - mmcls - INFO - Saving checkpoint at 99 epochs
2023-02-05 20:36:07,337 - mmcls - INFO - Epoch(val) [99][18]	accuracy_top-1: 96.6783
2023-02-05 20:36:12,798 - mmcls - INFO - Saving checkpoint at 100 epochs
2023-02-05 20:36:13,788 - mmcls - INFO - Epoch(val) [100][18]	accuracy_top-1: 95.2797
