2023-02-07 18:57:47,022 - mmcls - INFO - Environment info:
------------------------------------------------------------
sys.platform: linux
Python: 3.8.16 (default, Jan 17 2023, 23:13:24) [GCC 11.2.0]
CUDA available: True
GPU 0: NVIDIA GeForce RTX 3090
CUDA_HOME: /data/apps/cuda/11.3
NVCC: Cuda compilation tools, release 11.3, V11.3.58
GCC: gcc (GCC) 7.3.0
PyTorch: 1.10.1+cu113
PyTorch compiling details: PyTorch built with:
  - GCC 7.3
  - C++ Version: 201402
  - Intel(R) Math Kernel Library Version 2020.0.0 Product Build 20191122 for Intel(R) 64 architecture applications
  - Intel(R) MKL-DNN v2.2.3 (Git Hash 7336ca9f055cf1bfa13efb658fe15dc9b41f0740)
  - OpenMP 201511 (a.k.a. OpenMP 4.5)
  - LAPACK is enabled (usually provided by MKL)
  - NNPACK is enabled
  - CPU capability usage: AVX2
  - CUDA Runtime 11.3
  - NVCC architecture flags: -gencode;arch=compute_37,code=sm_37;-gencode;arch=compute_50,code=sm_50;-gencode;arch=compute_60,code=sm_60;-gencode;arch=compute_70,code=sm_70;-gencode;arch=compute_75,code=sm_75;-gencode;arch=compute_80,code=sm_80;-gencode;arch=compute_86,code=sm_86
  - CuDNN 8.2
  - Magma 2.5.2
  - Build settings: BLAS_INFO=mkl, BUILD_TYPE=Release, CUDA_VERSION=11.3, CUDNN_VERSION=8.2.0, CXX_COMPILER=/opt/rh/devtoolset-7/root/usr/bin/c++, CXX_FLAGS= -Wno-deprecated -fvisibility-inlines-hidden -DUSE_PTHREADPOOL -fopenmp -DNDEBUG -DUSE_KINETO -DUSE_FBGEMM -DUSE_QNNPACK -DUSE_PYTORCH_QNNPACK -DUSE_XNNPACK -DSYMBOLICATE_MOBILE_DEBUG_HANDLE -DEDGE_PROFILER_USE_KINETO -O2 -fPIC -Wno-narrowing -Wall -Wextra -Werror=return-type -Wno-missing-field-initializers -Wno-type-limits -Wno-array-bounds -Wno-unknown-pragmas -Wno-sign-compare -Wno-unused-parameter -Wno-unused-variable -Wno-unused-function -Wno-unused-result -Wno-unused-local-typedefs -Wno-strict-overflow -Wno-strict-aliasing -Wno-error=deprecated-declarations -Wno-stringop-overflow -Wno-psabi -Wno-error=pedantic -Wno-error=redundant-decls -Wno-error=old-style-cast -fdiagnostics-color=always -faligned-new -Wno-unused-but-set-variable -Wno-maybe-uninitialized -fno-math-errno -fno-trapping-math -Werror=format -Wno-stringop-overflow, LAPACK_INFO=mkl, PERF_WITH_AVX=1, PERF_WITH_AVX2=1, PERF_WITH_AVX512=1, TORCH_VERSION=1.10.1, USE_CUDA=ON, USE_CUDNN=ON, USE_EXCEPTION_PTR=1, USE_GFLAGS=OFF, USE_GLOG=OFF, USE_MKL=ON, USE_MKLDNN=ON, USE_MPI=OFF, USE_NCCL=ON, USE_NNPACK=ON, USE_OPENMP=ON, 

TorchVision: 0.11.2+cu113
OpenCV: 4.7.0
MMCV: 1.7.0
MMCV Compiler: GCC 9.3
MMCV CUDA Compiler: 11.3
MMClassification: 0.25.0+3d4f80d
------------------------------------------------------------

2023-02-07 18:57:47,023 - mmcls - INFO - Distributed training: False
2023-02-07 18:57:47,980 - mmcls - INFO - Config:
model = dict(
    type='ImageClassifier',
    backbone=dict(
        type='ResNet',
        depth=50,
        num_stages=4,
        out_indices=(3, ),
        style='pytorch',
        frozen_stages=2,
        init_cfg=dict(
            type='Pretrained',
            checkpoint=
            '/HOME/scz0ap9/run/mmcls025/mmclassification/checkpoints/resnet50_8xb32_in1k_20210831-ea4938fc.pth',
            prefix='backbone')),
    neck=dict(type='GlobalAveragePooling'),
    head=dict(
        type='LinearClsHead',
        num_classes=10,
        in_channels=2048,
        loss=dict(type='CrossEntropyLoss', loss_weight=1.0),
        topk=(1, 5)))
dataset_type = 'CIFAR10'
img_norm_cfg = dict(
    mean=[125.307, 122.961, 113.8575],
    std=[51.5865, 50.847, 51.255],
    to_rgb=False)
train_pipeline = [
    dict(type='RandomCrop', size=32, padding=4),
    dict(type='RandomFlip', flip_prob=0.5, direction='horizontal'),
    dict(type='Resize', size=224),
    dict(
        type='Normalize',
        mean=[125.307, 122.961, 113.8575],
        std=[51.5865, 50.847, 51.255],
        to_rgb=False),
    dict(type='ImageToTensor', keys=['img']),
    dict(type='ToTensor', keys=['gt_label']),
    dict(type='Collect', keys=['img', 'gt_label'])
]
test_pipeline = [
    dict(type='Resize', size=224),
    dict(
        type='Normalize',
        mean=[125.307, 122.961, 113.8575],
        std=[51.5865, 50.847, 51.255],
        to_rgb=False),
    dict(type='ImageToTensor', keys=['img']),
    dict(type='Collect', keys=['img'])
]
data = dict(
    samples_per_gpu=128,
    workers_per_gpu=2,
    train=dict(
        type='CIFAR10',
        data_prefix='data/cifar10',
        pipeline=[
            dict(type='RandomCrop', size=32, padding=4),
            dict(type='RandomFlip', flip_prob=0.5, direction='horizontal'),
            dict(type='Resize', size=224),
            dict(
                type='Normalize',
                mean=[125.307, 122.961, 113.8575],
                std=[51.5865, 50.847, 51.255],
                to_rgb=False),
            dict(type='ImageToTensor', keys=['img']),
            dict(type='ToTensor', keys=['gt_label']),
            dict(type='Collect', keys=['img', 'gt_label'])
        ]),
    val=dict(
        type='CIFAR10',
        data_prefix='data/cifar10',
        pipeline=[
            dict(type='Resize', size=224),
            dict(
                type='Normalize',
                mean=[125.307, 122.961, 113.8575],
                std=[51.5865, 50.847, 51.255],
                to_rgb=False),
            dict(type='ImageToTensor', keys=['img']),
            dict(type='Collect', keys=['img'])
        ],
        test_mode=True),
    test=dict(
        type='CIFAR10',
        data_prefix='data/cifar10',
        pipeline=[
            dict(type='Resize', size=224),
            dict(
                type='Normalize',
                mean=[125.307, 122.961, 113.8575],
                std=[51.5865, 50.847, 51.255],
                to_rgb=False),
            dict(type='ImageToTensor', keys=['img']),
            dict(type='Collect', keys=['img'])
        ],
        test_mode=True))
checkpoint_config = dict(interval=1)
log_config = dict(interval=100, hooks=[dict(type='TextLoggerHook')])
dist_params = dict(backend='nccl')
log_level = 'INFO'
load_from = None
resume_from = None
workflow = [('train', 1)]
optimizer = dict(type='SGD', lr=0.01, momentum=0.9, weight_decay=0.0001)
optimizer_config = dict(grad_clip=None)
lr_config = dict(policy='step', step=[15])
runner = dict(type='EpochBasedRunner', max_epochs=200)
work_dir = 'assignment/cifar10'
gpu_ids = [0]

2023-02-07 18:57:47,982 - mmcls - INFO - Set random seed to 590111042, deterministic: False
2023-02-07 18:57:48,151 - mmcls - INFO - initialize ResNet with init_cfg {'type': 'Pretrained', 'checkpoint': '/HOME/scz0ap9/run/mmcls025/mmclassification/checkpoints/resnet50_8xb32_in1k_20210831-ea4938fc.pth', 'prefix': 'backbone'}
2023-02-07 18:57:49,023 - mmcls - INFO - initialize LinearClsHead with init_cfg {'type': 'Normal', 'layer': 'Linear', 'std': 0.01}
Name of parameter - Initialization information

backbone.conv1.weight - torch.Size([64, 3, 7, 7]): 
PretrainedInit: load from /HOME/scz0ap9/run/mmcls025/mmclassification/checkpoints/resnet50_8xb32_in1k_20210831-ea4938fc.pth 

backbone.bn1.weight - torch.Size([64]): 
PretrainedInit: load from /HOME/scz0ap9/run/mmcls025/mmclassification/checkpoints/resnet50_8xb32_in1k_20210831-ea4938fc.pth 

backbone.bn1.bias - torch.Size([64]): 
PretrainedInit: load from /HOME/scz0ap9/run/mmcls025/mmclassification/checkpoints/resnet50_8xb32_in1k_20210831-ea4938fc.pth 

backbone.layer1.0.conv1.weight - torch.Size([64, 64, 1, 1]): 
PretrainedInit: load from /HOME/scz0ap9/run/mmcls025/mmclassification/checkpoints/resnet50_8xb32_in1k_20210831-ea4938fc.pth 

backbone.layer1.0.bn1.weight - torch.Size([64]): 
PretrainedInit: load from /HOME/scz0ap9/run/mmcls025/mmclassification/checkpoints/resnet50_8xb32_in1k_20210831-ea4938fc.pth 

backbone.layer1.0.bn1.bias - torch.Size([64]): 
PretrainedInit: load from /HOME/scz0ap9/run/mmcls025/mmclassification/checkpoints/resnet50_8xb32_in1k_20210831-ea4938fc.pth 

backbone.layer1.0.conv2.weight - torch.Size([64, 64, 3, 3]): 
PretrainedInit: load from /HOME/scz0ap9/run/mmcls025/mmclassification/checkpoints/resnet50_8xb32_in1k_20210831-ea4938fc.pth 

backbone.layer1.0.bn2.weight - torch.Size([64]): 
PretrainedInit: load from /HOME/scz0ap9/run/mmcls025/mmclassification/checkpoints/resnet50_8xb32_in1k_20210831-ea4938fc.pth 

backbone.layer1.0.bn2.bias - torch.Size([64]): 
PretrainedInit: load from /HOME/scz0ap9/run/mmcls025/mmclassification/checkpoints/resnet50_8xb32_in1k_20210831-ea4938fc.pth 

backbone.layer1.0.conv3.weight - torch.Size([256, 64, 1, 1]): 
PretrainedInit: load from /HOME/scz0ap9/run/mmcls025/mmclassification/checkpoints/resnet50_8xb32_in1k_20210831-ea4938fc.pth 

backbone.layer1.0.bn3.weight - torch.Size([256]): 
PretrainedInit: load from /HOME/scz0ap9/run/mmcls025/mmclassification/checkpoints/resnet50_8xb32_in1k_20210831-ea4938fc.pth 

backbone.layer1.0.bn3.bias - torch.Size([256]): 
PretrainedInit: load from /HOME/scz0ap9/run/mmcls025/mmclassification/checkpoints/resnet50_8xb32_in1k_20210831-ea4938fc.pth 

backbone.layer1.0.downsample.0.weight - torch.Size([256, 64, 1, 1]): 
PretrainedInit: load from /HOME/scz0ap9/run/mmcls025/mmclassification/checkpoints/resnet50_8xb32_in1k_20210831-ea4938fc.pth 

backbone.layer1.0.downsample.1.weight - torch.Size([256]): 
PretrainedInit: load from /HOME/scz0ap9/run/mmcls025/mmclassification/checkpoints/resnet50_8xb32_in1k_20210831-ea4938fc.pth 

backbone.layer1.0.downsample.1.bias - torch.Size([256]): 
PretrainedInit: load from /HOME/scz0ap9/run/mmcls025/mmclassification/checkpoints/resnet50_8xb32_in1k_20210831-ea4938fc.pth 

backbone.layer1.1.conv1.weight - torch.Size([64, 256, 1, 1]): 
PretrainedInit: load from /HOME/scz0ap9/run/mmcls025/mmclassification/checkpoints/resnet50_8xb32_in1k_20210831-ea4938fc.pth 

backbone.layer1.1.bn1.weight - torch.Size([64]): 
PretrainedInit: load from /HOME/scz0ap9/run/mmcls025/mmclassification/checkpoints/resnet50_8xb32_in1k_20210831-ea4938fc.pth 

backbone.layer1.1.bn1.bias - torch.Size([64]): 
PretrainedInit: load from /HOME/scz0ap9/run/mmcls025/mmclassification/checkpoints/resnet50_8xb32_in1k_20210831-ea4938fc.pth 

backbone.layer1.1.conv2.weight - torch.Size([64, 64, 3, 3]): 
PretrainedInit: load from /HOME/scz0ap9/run/mmcls025/mmclassification/checkpoints/resnet50_8xb32_in1k_20210831-ea4938fc.pth 

backbone.layer1.1.bn2.weight - torch.Size([64]): 
PretrainedInit: load from /HOME/scz0ap9/run/mmcls025/mmclassification/checkpoints/resnet50_8xb32_in1k_20210831-ea4938fc.pth 

backbone.layer1.1.bn2.bias - torch.Size([64]): 
PretrainedInit: load from /HOME/scz0ap9/run/mmcls025/mmclassification/checkpoints/resnet50_8xb32_in1k_20210831-ea4938fc.pth 

backbone.layer1.1.conv3.weight - torch.Size([256, 64, 1, 1]): 
PretrainedInit: load from /HOME/scz0ap9/run/mmcls025/mmclassification/checkpoints/resnet50_8xb32_in1k_20210831-ea4938fc.pth 

backbone.layer1.1.bn3.weight - torch.Size([256]): 
PretrainedInit: load from /HOME/scz0ap9/run/mmcls025/mmclassification/checkpoints/resnet50_8xb32_in1k_20210831-ea4938fc.pth 

backbone.layer1.1.bn3.bias - torch.Size([256]): 
PretrainedInit: load from /HOME/scz0ap9/run/mmcls025/mmclassification/checkpoints/resnet50_8xb32_in1k_20210831-ea4938fc.pth 

backbone.layer1.2.conv1.weight - torch.Size([64, 256, 1, 1]): 
PretrainedInit: load from /HOME/scz0ap9/run/mmcls025/mmclassification/checkpoints/resnet50_8xb32_in1k_20210831-ea4938fc.pth 

backbone.layer1.2.bn1.weight - torch.Size([64]): 
PretrainedInit: load from /HOME/scz0ap9/run/mmcls025/mmclassification/checkpoints/resnet50_8xb32_in1k_20210831-ea4938fc.pth 

backbone.layer1.2.bn1.bias - torch.Size([64]): 
PretrainedInit: load from /HOME/scz0ap9/run/mmcls025/mmclassification/checkpoints/resnet50_8xb32_in1k_20210831-ea4938fc.pth 

backbone.layer1.2.conv2.weight - torch.Size([64, 64, 3, 3]): 
PretrainedInit: load from /HOME/scz0ap9/run/mmcls025/mmclassification/checkpoints/resnet50_8xb32_in1k_20210831-ea4938fc.pth 

backbone.layer1.2.bn2.weight - torch.Size([64]): 
PretrainedInit: load from /HOME/scz0ap9/run/mmcls025/mmclassification/checkpoints/resnet50_8xb32_in1k_20210831-ea4938fc.pth 

backbone.layer1.2.bn2.bias - torch.Size([64]): 
PretrainedInit: load from /HOME/scz0ap9/run/mmcls025/mmclassification/checkpoints/resnet50_8xb32_in1k_20210831-ea4938fc.pth 

backbone.layer1.2.conv3.weight - torch.Size([256, 64, 1, 1]): 
PretrainedInit: load from /HOME/scz0ap9/run/mmcls025/mmclassification/checkpoints/resnet50_8xb32_in1k_20210831-ea4938fc.pth 

backbone.layer1.2.bn3.weight - torch.Size([256]): 
PretrainedInit: load from /HOME/scz0ap9/run/mmcls025/mmclassification/checkpoints/resnet50_8xb32_in1k_20210831-ea4938fc.pth 

backbone.layer1.2.bn3.bias - torch.Size([256]): 
PretrainedInit: load from /HOME/scz0ap9/run/mmcls025/mmclassification/checkpoints/resnet50_8xb32_in1k_20210831-ea4938fc.pth 

backbone.layer2.0.conv1.weight - torch.Size([128, 256, 1, 1]): 
PretrainedInit: load from /HOME/scz0ap9/run/mmcls025/mmclassification/checkpoints/resnet50_8xb32_in1k_20210831-ea4938fc.pth 

backbone.layer2.0.bn1.weight - torch.Size([128]): 
PretrainedInit: load from /HOME/scz0ap9/run/mmcls025/mmclassification/checkpoints/resnet50_8xb32_in1k_20210831-ea4938fc.pth 

backbone.layer2.0.bn1.bias - torch.Size([128]): 
PretrainedInit: load from /HOME/scz0ap9/run/mmcls025/mmclassification/checkpoints/resnet50_8xb32_in1k_20210831-ea4938fc.pth 

backbone.layer2.0.conv2.weight - torch.Size([128, 128, 3, 3]): 
PretrainedInit: load from /HOME/scz0ap9/run/mmcls025/mmclassification/checkpoints/resnet50_8xb32_in1k_20210831-ea4938fc.pth 

backbone.layer2.0.bn2.weight - torch.Size([128]): 
PretrainedInit: load from /HOME/scz0ap9/run/mmcls025/mmclassification/checkpoints/resnet50_8xb32_in1k_20210831-ea4938fc.pth 

backbone.layer2.0.bn2.bias - torch.Size([128]): 
PretrainedInit: load from /HOME/scz0ap9/run/mmcls025/mmclassification/checkpoints/resnet50_8xb32_in1k_20210831-ea4938fc.pth 

backbone.layer2.0.conv3.weight - torch.Size([512, 128, 1, 1]): 
PretrainedInit: load from /HOME/scz0ap9/run/mmcls025/mmclassification/checkpoints/resnet50_8xb32_in1k_20210831-ea4938fc.pth 

backbone.layer2.0.bn3.weight - torch.Size([512]): 
PretrainedInit: load from /HOME/scz0ap9/run/mmcls025/mmclassification/checkpoints/resnet50_8xb32_in1k_20210831-ea4938fc.pth 

backbone.layer2.0.bn3.bias - torch.Size([512]): 
PretrainedInit: load from /HOME/scz0ap9/run/mmcls025/mmclassification/checkpoints/resnet50_8xb32_in1k_20210831-ea4938fc.pth 

backbone.layer2.0.downsample.0.weight - torch.Size([512, 256, 1, 1]): 
PretrainedInit: load from /HOME/scz0ap9/run/mmcls025/mmclassification/checkpoints/resnet50_8xb32_in1k_20210831-ea4938fc.pth 

backbone.layer2.0.downsample.1.weight - torch.Size([512]): 
PretrainedInit: load from /HOME/scz0ap9/run/mmcls025/mmclassification/checkpoints/resnet50_8xb32_in1k_20210831-ea4938fc.pth 

backbone.layer2.0.downsample.1.bias - torch.Size([512]): 
PretrainedInit: load from /HOME/scz0ap9/run/mmcls025/mmclassification/checkpoints/resnet50_8xb32_in1k_20210831-ea4938fc.pth 

backbone.layer2.1.conv1.weight - torch.Size([128, 512, 1, 1]): 
PretrainedInit: load from /HOME/scz0ap9/run/mmcls025/mmclassification/checkpoints/resnet50_8xb32_in1k_20210831-ea4938fc.pth 

backbone.layer2.1.bn1.weight - torch.Size([128]): 
PretrainedInit: load from /HOME/scz0ap9/run/mmcls025/mmclassification/checkpoints/resnet50_8xb32_in1k_20210831-ea4938fc.pth 

backbone.layer2.1.bn1.bias - torch.Size([128]): 
PretrainedInit: load from /HOME/scz0ap9/run/mmcls025/mmclassification/checkpoints/resnet50_8xb32_in1k_20210831-ea4938fc.pth 

backbone.layer2.1.conv2.weight - torch.Size([128, 128, 3, 3]): 
PretrainedInit: load from /HOME/scz0ap9/run/mmcls025/mmclassification/checkpoints/resnet50_8xb32_in1k_20210831-ea4938fc.pth 

backbone.layer2.1.bn2.weight - torch.Size([128]): 
PretrainedInit: load from /HOME/scz0ap9/run/mmcls025/mmclassification/checkpoints/resnet50_8xb32_in1k_20210831-ea4938fc.pth 

backbone.layer2.1.bn2.bias - torch.Size([128]): 
PretrainedInit: load from /HOME/scz0ap9/run/mmcls025/mmclassification/checkpoints/resnet50_8xb32_in1k_20210831-ea4938fc.pth 

backbone.layer2.1.conv3.weight - torch.Size([512, 128, 1, 1]): 
PretrainedInit: load from /HOME/scz0ap9/run/mmcls025/mmclassification/checkpoints/resnet50_8xb32_in1k_20210831-ea4938fc.pth 

backbone.layer2.1.bn3.weight - torch.Size([512]): 
PretrainedInit: load from /HOME/scz0ap9/run/mmcls025/mmclassification/checkpoints/resnet50_8xb32_in1k_20210831-ea4938fc.pth 

backbone.layer2.1.bn3.bias - torch.Size([512]): 
PretrainedInit: load from /HOME/scz0ap9/run/mmcls025/mmclassification/checkpoints/resnet50_8xb32_in1k_20210831-ea4938fc.pth 

backbone.layer2.2.conv1.weight - torch.Size([128, 512, 1, 1]): 
PretrainedInit: load from /HOME/scz0ap9/run/mmcls025/mmclassification/checkpoints/resnet50_8xb32_in1k_20210831-ea4938fc.pth 

backbone.layer2.2.bn1.weight - torch.Size([128]): 
PretrainedInit: load from /HOME/scz0ap9/run/mmcls025/mmclassification/checkpoints/resnet50_8xb32_in1k_20210831-ea4938fc.pth 

backbone.layer2.2.bn1.bias - torch.Size([128]): 
PretrainedInit: load from /HOME/scz0ap9/run/mmcls025/mmclassification/checkpoints/resnet50_8xb32_in1k_20210831-ea4938fc.pth 

backbone.layer2.2.conv2.weight - torch.Size([128, 128, 3, 3]): 
PretrainedInit: load from /HOME/scz0ap9/run/mmcls025/mmclassification/checkpoints/resnet50_8xb32_in1k_20210831-ea4938fc.pth 

backbone.layer2.2.bn2.weight - torch.Size([128]): 
PretrainedInit: load from /HOME/scz0ap9/run/mmcls025/mmclassification/checkpoints/resnet50_8xb32_in1k_20210831-ea4938fc.pth 

backbone.layer2.2.bn2.bias - torch.Size([128]): 
PretrainedInit: load from /HOME/scz0ap9/run/mmcls025/mmclassification/checkpoints/resnet50_8xb32_in1k_20210831-ea4938fc.pth 

backbone.layer2.2.conv3.weight - torch.Size([512, 128, 1, 1]): 
PretrainedInit: load from /HOME/scz0ap9/run/mmcls025/mmclassification/checkpoints/resnet50_8xb32_in1k_20210831-ea4938fc.pth 

backbone.layer2.2.bn3.weight - torch.Size([512]): 
PretrainedInit: load from /HOME/scz0ap9/run/mmcls025/mmclassification/checkpoints/resnet50_8xb32_in1k_20210831-ea4938fc.pth 

backbone.layer2.2.bn3.bias - torch.Size([512]): 
PretrainedInit: load from /HOME/scz0ap9/run/mmcls025/mmclassification/checkpoints/resnet50_8xb32_in1k_20210831-ea4938fc.pth 

backbone.layer2.3.conv1.weight - torch.Size([128, 512, 1, 1]): 
PretrainedInit: load from /HOME/scz0ap9/run/mmcls025/mmclassification/checkpoints/resnet50_8xb32_in1k_20210831-ea4938fc.pth 

backbone.layer2.3.bn1.weight - torch.Size([128]): 
PretrainedInit: load from /HOME/scz0ap9/run/mmcls025/mmclassification/checkpoints/resnet50_8xb32_in1k_20210831-ea4938fc.pth 

backbone.layer2.3.bn1.bias - torch.Size([128]): 
PretrainedInit: load from /HOME/scz0ap9/run/mmcls025/mmclassification/checkpoints/resnet50_8xb32_in1k_20210831-ea4938fc.pth 

backbone.layer2.3.conv2.weight - torch.Size([128, 128, 3, 3]): 
PretrainedInit: load from /HOME/scz0ap9/run/mmcls025/mmclassification/checkpoints/resnet50_8xb32_in1k_20210831-ea4938fc.pth 

backbone.layer2.3.bn2.weight - torch.Size([128]): 
PretrainedInit: load from /HOME/scz0ap9/run/mmcls025/mmclassification/checkpoints/resnet50_8xb32_in1k_20210831-ea4938fc.pth 

backbone.layer2.3.bn2.bias - torch.Size([128]): 
PretrainedInit: load from /HOME/scz0ap9/run/mmcls025/mmclassification/checkpoints/resnet50_8xb32_in1k_20210831-ea4938fc.pth 

backbone.layer2.3.conv3.weight - torch.Size([512, 128, 1, 1]): 
PretrainedInit: load from /HOME/scz0ap9/run/mmcls025/mmclassification/checkpoints/resnet50_8xb32_in1k_20210831-ea4938fc.pth 

backbone.layer2.3.bn3.weight - torch.Size([512]): 
PretrainedInit: load from /HOME/scz0ap9/run/mmcls025/mmclassification/checkpoints/resnet50_8xb32_in1k_20210831-ea4938fc.pth 

backbone.layer2.3.bn3.bias - torch.Size([512]): 
PretrainedInit: load from /HOME/scz0ap9/run/mmcls025/mmclassification/checkpoints/resnet50_8xb32_in1k_20210831-ea4938fc.pth 

backbone.layer3.0.conv1.weight - torch.Size([256, 512, 1, 1]): 
PretrainedInit: load from /HOME/scz0ap9/run/mmcls025/mmclassification/checkpoints/resnet50_8xb32_in1k_20210831-ea4938fc.pth 

backbone.layer3.0.bn1.weight - torch.Size([256]): 
PretrainedInit: load from /HOME/scz0ap9/run/mmcls025/mmclassification/checkpoints/resnet50_8xb32_in1k_20210831-ea4938fc.pth 

backbone.layer3.0.bn1.bias - torch.Size([256]): 
PretrainedInit: load from /HOME/scz0ap9/run/mmcls025/mmclassification/checkpoints/resnet50_8xb32_in1k_20210831-ea4938fc.pth 

backbone.layer3.0.conv2.weight - torch.Size([256, 256, 3, 3]): 
PretrainedInit: load from /HOME/scz0ap9/run/mmcls025/mmclassification/checkpoints/resnet50_8xb32_in1k_20210831-ea4938fc.pth 

backbone.layer3.0.bn2.weight - torch.Size([256]): 
PretrainedInit: load from /HOME/scz0ap9/run/mmcls025/mmclassification/checkpoints/resnet50_8xb32_in1k_20210831-ea4938fc.pth 

backbone.layer3.0.bn2.bias - torch.Size([256]): 
PretrainedInit: load from /HOME/scz0ap9/run/mmcls025/mmclassification/checkpoints/resnet50_8xb32_in1k_20210831-ea4938fc.pth 

backbone.layer3.0.conv3.weight - torch.Size([1024, 256, 1, 1]): 
PretrainedInit: load from /HOME/scz0ap9/run/mmcls025/mmclassification/checkpoints/resnet50_8xb32_in1k_20210831-ea4938fc.pth 

backbone.layer3.0.bn3.weight - torch.Size([1024]): 
PretrainedInit: load from /HOME/scz0ap9/run/mmcls025/mmclassification/checkpoints/resnet50_8xb32_in1k_20210831-ea4938fc.pth 

backbone.layer3.0.bn3.bias - torch.Size([1024]): 
PretrainedInit: load from /HOME/scz0ap9/run/mmcls025/mmclassification/checkpoints/resnet50_8xb32_in1k_20210831-ea4938fc.pth 

backbone.layer3.0.downsample.0.weight - torch.Size([1024, 512, 1, 1]): 
PretrainedInit: load from /HOME/scz0ap9/run/mmcls025/mmclassification/checkpoints/resnet50_8xb32_in1k_20210831-ea4938fc.pth 

backbone.layer3.0.downsample.1.weight - torch.Size([1024]): 
PretrainedInit: load from /HOME/scz0ap9/run/mmcls025/mmclassification/checkpoints/resnet50_8xb32_in1k_20210831-ea4938fc.pth 

backbone.layer3.0.downsample.1.bias - torch.Size([1024]): 
PretrainedInit: load from /HOME/scz0ap9/run/mmcls025/mmclassification/checkpoints/resnet50_8xb32_in1k_20210831-ea4938fc.pth 

backbone.layer3.1.conv1.weight - torch.Size([256, 1024, 1, 1]): 
PretrainedInit: load from /HOME/scz0ap9/run/mmcls025/mmclassification/checkpoints/resnet50_8xb32_in1k_20210831-ea4938fc.pth 

backbone.layer3.1.bn1.weight - torch.Size([256]): 
PretrainedInit: load from /HOME/scz0ap9/run/mmcls025/mmclassification/checkpoints/resnet50_8xb32_in1k_20210831-ea4938fc.pth 

backbone.layer3.1.bn1.bias - torch.Size([256]): 
PretrainedInit: load from /HOME/scz0ap9/run/mmcls025/mmclassification/checkpoints/resnet50_8xb32_in1k_20210831-ea4938fc.pth 

backbone.layer3.1.conv2.weight - torch.Size([256, 256, 3, 3]): 
PretrainedInit: load from /HOME/scz0ap9/run/mmcls025/mmclassification/checkpoints/resnet50_8xb32_in1k_20210831-ea4938fc.pth 

backbone.layer3.1.bn2.weight - torch.Size([256]): 
PretrainedInit: load from /HOME/scz0ap9/run/mmcls025/mmclassification/checkpoints/resnet50_8xb32_in1k_20210831-ea4938fc.pth 

backbone.layer3.1.bn2.bias - torch.Size([256]): 
PretrainedInit: load from /HOME/scz0ap9/run/mmcls025/mmclassification/checkpoints/resnet50_8xb32_in1k_20210831-ea4938fc.pth 

backbone.layer3.1.conv3.weight - torch.Size([1024, 256, 1, 1]): 
PretrainedInit: load from /HOME/scz0ap9/run/mmcls025/mmclassification/checkpoints/resnet50_8xb32_in1k_20210831-ea4938fc.pth 

backbone.layer3.1.bn3.weight - torch.Size([1024]): 
PretrainedInit: load from /HOME/scz0ap9/run/mmcls025/mmclassification/checkpoints/resnet50_8xb32_in1k_20210831-ea4938fc.pth 

backbone.layer3.1.bn3.bias - torch.Size([1024]): 
PretrainedInit: load from /HOME/scz0ap9/run/mmcls025/mmclassification/checkpoints/resnet50_8xb32_in1k_20210831-ea4938fc.pth 

backbone.layer3.2.conv1.weight - torch.Size([256, 1024, 1, 1]): 
PretrainedInit: load from /HOME/scz0ap9/run/mmcls025/mmclassification/checkpoints/resnet50_8xb32_in1k_20210831-ea4938fc.pth 

backbone.layer3.2.bn1.weight - torch.Size([256]): 
PretrainedInit: load from /HOME/scz0ap9/run/mmcls025/mmclassification/checkpoints/resnet50_8xb32_in1k_20210831-ea4938fc.pth 

backbone.layer3.2.bn1.bias - torch.Size([256]): 
PretrainedInit: load from /HOME/scz0ap9/run/mmcls025/mmclassification/checkpoints/resnet50_8xb32_in1k_20210831-ea4938fc.pth 

backbone.layer3.2.conv2.weight - torch.Size([256, 256, 3, 3]): 
PretrainedInit: load from /HOME/scz0ap9/run/mmcls025/mmclassification/checkpoints/resnet50_8xb32_in1k_20210831-ea4938fc.pth 

backbone.layer3.2.bn2.weight - torch.Size([256]): 
PretrainedInit: load from /HOME/scz0ap9/run/mmcls025/mmclassification/checkpoints/resnet50_8xb32_in1k_20210831-ea4938fc.pth 

backbone.layer3.2.bn2.bias - torch.Size([256]): 
PretrainedInit: load from /HOME/scz0ap9/run/mmcls025/mmclassification/checkpoints/resnet50_8xb32_in1k_20210831-ea4938fc.pth 

backbone.layer3.2.conv3.weight - torch.Size([1024, 256, 1, 1]): 
PretrainedInit: load from /HOME/scz0ap9/run/mmcls025/mmclassification/checkpoints/resnet50_8xb32_in1k_20210831-ea4938fc.pth 

backbone.layer3.2.bn3.weight - torch.Size([1024]): 
PretrainedInit: load from /HOME/scz0ap9/run/mmcls025/mmclassification/checkpoints/resnet50_8xb32_in1k_20210831-ea4938fc.pth 

backbone.layer3.2.bn3.bias - torch.Size([1024]): 
PretrainedInit: load from /HOME/scz0ap9/run/mmcls025/mmclassification/checkpoints/resnet50_8xb32_in1k_20210831-ea4938fc.pth 

backbone.layer3.3.conv1.weight - torch.Size([256, 1024, 1, 1]): 
PretrainedInit: load from /HOME/scz0ap9/run/mmcls025/mmclassification/checkpoints/resnet50_8xb32_in1k_20210831-ea4938fc.pth 

backbone.layer3.3.bn1.weight - torch.Size([256]): 
PretrainedInit: load from /HOME/scz0ap9/run/mmcls025/mmclassification/checkpoints/resnet50_8xb32_in1k_20210831-ea4938fc.pth 

backbone.layer3.3.bn1.bias - torch.Size([256]): 
PretrainedInit: load from /HOME/scz0ap9/run/mmcls025/mmclassification/checkpoints/resnet50_8xb32_in1k_20210831-ea4938fc.pth 

backbone.layer3.3.conv2.weight - torch.Size([256, 256, 3, 3]): 
PretrainedInit: load from /HOME/scz0ap9/run/mmcls025/mmclassification/checkpoints/resnet50_8xb32_in1k_20210831-ea4938fc.pth 

backbone.layer3.3.bn2.weight - torch.Size([256]): 
PretrainedInit: load from /HOME/scz0ap9/run/mmcls025/mmclassification/checkpoints/resnet50_8xb32_in1k_20210831-ea4938fc.pth 

backbone.layer3.3.bn2.bias - torch.Size([256]): 
PretrainedInit: load from /HOME/scz0ap9/run/mmcls025/mmclassification/checkpoints/resnet50_8xb32_in1k_20210831-ea4938fc.pth 

backbone.layer3.3.conv3.weight - torch.Size([1024, 256, 1, 1]): 
PretrainedInit: load from /HOME/scz0ap9/run/mmcls025/mmclassification/checkpoints/resnet50_8xb32_in1k_20210831-ea4938fc.pth 

backbone.layer3.3.bn3.weight - torch.Size([1024]): 
PretrainedInit: load from /HOME/scz0ap9/run/mmcls025/mmclassification/checkpoints/resnet50_8xb32_in1k_20210831-ea4938fc.pth 

backbone.layer3.3.bn3.bias - torch.Size([1024]): 
PretrainedInit: load from /HOME/scz0ap9/run/mmcls025/mmclassification/checkpoints/resnet50_8xb32_in1k_20210831-ea4938fc.pth 

backbone.layer3.4.conv1.weight - torch.Size([256, 1024, 1, 1]): 
PretrainedInit: load from /HOME/scz0ap9/run/mmcls025/mmclassification/checkpoints/resnet50_8xb32_in1k_20210831-ea4938fc.pth 

backbone.layer3.4.bn1.weight - torch.Size([256]): 
PretrainedInit: load from /HOME/scz0ap9/run/mmcls025/mmclassification/checkpoints/resnet50_8xb32_in1k_20210831-ea4938fc.pth 

backbone.layer3.4.bn1.bias - torch.Size([256]): 
PretrainedInit: load from /HOME/scz0ap9/run/mmcls025/mmclassification/checkpoints/resnet50_8xb32_in1k_20210831-ea4938fc.pth 

backbone.layer3.4.conv2.weight - torch.Size([256, 256, 3, 3]): 
PretrainedInit: load from /HOME/scz0ap9/run/mmcls025/mmclassification/checkpoints/resnet50_8xb32_in1k_20210831-ea4938fc.pth 

backbone.layer3.4.bn2.weight - torch.Size([256]): 
PretrainedInit: load from /HOME/scz0ap9/run/mmcls025/mmclassification/checkpoints/resnet50_8xb32_in1k_20210831-ea4938fc.pth 

backbone.layer3.4.bn2.bias - torch.Size([256]): 
PretrainedInit: load from /HOME/scz0ap9/run/mmcls025/mmclassification/checkpoints/resnet50_8xb32_in1k_20210831-ea4938fc.pth 

backbone.layer3.4.conv3.weight - torch.Size([1024, 256, 1, 1]): 
PretrainedInit: load from /HOME/scz0ap9/run/mmcls025/mmclassification/checkpoints/resnet50_8xb32_in1k_20210831-ea4938fc.pth 

backbone.layer3.4.bn3.weight - torch.Size([1024]): 
PretrainedInit: load from /HOME/scz0ap9/run/mmcls025/mmclassification/checkpoints/resnet50_8xb32_in1k_20210831-ea4938fc.pth 

backbone.layer3.4.bn3.bias - torch.Size([1024]): 
PretrainedInit: load from /HOME/scz0ap9/run/mmcls025/mmclassification/checkpoints/resnet50_8xb32_in1k_20210831-ea4938fc.pth 

backbone.layer3.5.conv1.weight - torch.Size([256, 1024, 1, 1]): 
PretrainedInit: load from /HOME/scz0ap9/run/mmcls025/mmclassification/checkpoints/resnet50_8xb32_in1k_20210831-ea4938fc.pth 

backbone.layer3.5.bn1.weight - torch.Size([256]): 
PretrainedInit: load from /HOME/scz0ap9/run/mmcls025/mmclassification/checkpoints/resnet50_8xb32_in1k_20210831-ea4938fc.pth 

backbone.layer3.5.bn1.bias - torch.Size([256]): 
PretrainedInit: load from /HOME/scz0ap9/run/mmcls025/mmclassification/checkpoints/resnet50_8xb32_in1k_20210831-ea4938fc.pth 

backbone.layer3.5.conv2.weight - torch.Size([256, 256, 3, 3]): 
PretrainedInit: load from /HOME/scz0ap9/run/mmcls025/mmclassification/checkpoints/resnet50_8xb32_in1k_20210831-ea4938fc.pth 

backbone.layer3.5.bn2.weight - torch.Size([256]): 
PretrainedInit: load from /HOME/scz0ap9/run/mmcls025/mmclassification/checkpoints/resnet50_8xb32_in1k_20210831-ea4938fc.pth 

backbone.layer3.5.bn2.bias - torch.Size([256]): 
PretrainedInit: load from /HOME/scz0ap9/run/mmcls025/mmclassification/checkpoints/resnet50_8xb32_in1k_20210831-ea4938fc.pth 

backbone.layer3.5.conv3.weight - torch.Size([1024, 256, 1, 1]): 
PretrainedInit: load from /HOME/scz0ap9/run/mmcls025/mmclassification/checkpoints/resnet50_8xb32_in1k_20210831-ea4938fc.pth 

backbone.layer3.5.bn3.weight - torch.Size([1024]): 
PretrainedInit: load from /HOME/scz0ap9/run/mmcls025/mmclassification/checkpoints/resnet50_8xb32_in1k_20210831-ea4938fc.pth 

backbone.layer3.5.bn3.bias - torch.Size([1024]): 
PretrainedInit: load from /HOME/scz0ap9/run/mmcls025/mmclassification/checkpoints/resnet50_8xb32_in1k_20210831-ea4938fc.pth 

backbone.layer4.0.conv1.weight - torch.Size([512, 1024, 1, 1]): 
PretrainedInit: load from /HOME/scz0ap9/run/mmcls025/mmclassification/checkpoints/resnet50_8xb32_in1k_20210831-ea4938fc.pth 

backbone.layer4.0.bn1.weight - torch.Size([512]): 
PretrainedInit: load from /HOME/scz0ap9/run/mmcls025/mmclassification/checkpoints/resnet50_8xb32_in1k_20210831-ea4938fc.pth 

backbone.layer4.0.bn1.bias - torch.Size([512]): 
PretrainedInit: load from /HOME/scz0ap9/run/mmcls025/mmclassification/checkpoints/resnet50_8xb32_in1k_20210831-ea4938fc.pth 

backbone.layer4.0.conv2.weight - torch.Size([512, 512, 3, 3]): 
PretrainedInit: load from /HOME/scz0ap9/run/mmcls025/mmclassification/checkpoints/resnet50_8xb32_in1k_20210831-ea4938fc.pth 

backbone.layer4.0.bn2.weight - torch.Size([512]): 
PretrainedInit: load from /HOME/scz0ap9/run/mmcls025/mmclassification/checkpoints/resnet50_8xb32_in1k_20210831-ea4938fc.pth 

backbone.layer4.0.bn2.bias - torch.Size([512]): 
PretrainedInit: load from /HOME/scz0ap9/run/mmcls025/mmclassification/checkpoints/resnet50_8xb32_in1k_20210831-ea4938fc.pth 

backbone.layer4.0.conv3.weight - torch.Size([2048, 512, 1, 1]): 
PretrainedInit: load from /HOME/scz0ap9/run/mmcls025/mmclassification/checkpoints/resnet50_8xb32_in1k_20210831-ea4938fc.pth 

backbone.layer4.0.bn3.weight - torch.Size([2048]): 
PretrainedInit: load from /HOME/scz0ap9/run/mmcls025/mmclassification/checkpoints/resnet50_8xb32_in1k_20210831-ea4938fc.pth 

backbone.layer4.0.bn3.bias - torch.Size([2048]): 
PretrainedInit: load from /HOME/scz0ap9/run/mmcls025/mmclassification/checkpoints/resnet50_8xb32_in1k_20210831-ea4938fc.pth 

backbone.layer4.0.downsample.0.weight - torch.Size([2048, 1024, 1, 1]): 
PretrainedInit: load from /HOME/scz0ap9/run/mmcls025/mmclassification/checkpoints/resnet50_8xb32_in1k_20210831-ea4938fc.pth 

backbone.layer4.0.downsample.1.weight - torch.Size([2048]): 
PretrainedInit: load from /HOME/scz0ap9/run/mmcls025/mmclassification/checkpoints/resnet50_8xb32_in1k_20210831-ea4938fc.pth 

backbone.layer4.0.downsample.1.bias - torch.Size([2048]): 
PretrainedInit: load from /HOME/scz0ap9/run/mmcls025/mmclassification/checkpoints/resnet50_8xb32_in1k_20210831-ea4938fc.pth 

backbone.layer4.1.conv1.weight - torch.Size([512, 2048, 1, 1]): 
PretrainedInit: load from /HOME/scz0ap9/run/mmcls025/mmclassification/checkpoints/resnet50_8xb32_in1k_20210831-ea4938fc.pth 

backbone.layer4.1.bn1.weight - torch.Size([512]): 
PretrainedInit: load from /HOME/scz0ap9/run/mmcls025/mmclassification/checkpoints/resnet50_8xb32_in1k_20210831-ea4938fc.pth 

backbone.layer4.1.bn1.bias - torch.Size([512]): 
PretrainedInit: load from /HOME/scz0ap9/run/mmcls025/mmclassification/checkpoints/resnet50_8xb32_in1k_20210831-ea4938fc.pth 

backbone.layer4.1.conv2.weight - torch.Size([512, 512, 3, 3]): 
PretrainedInit: load from /HOME/scz0ap9/run/mmcls025/mmclassification/checkpoints/resnet50_8xb32_in1k_20210831-ea4938fc.pth 

backbone.layer4.1.bn2.weight - torch.Size([512]): 
PretrainedInit: load from /HOME/scz0ap9/run/mmcls025/mmclassification/checkpoints/resnet50_8xb32_in1k_20210831-ea4938fc.pth 

backbone.layer4.1.bn2.bias - torch.Size([512]): 
PretrainedInit: load from /HOME/scz0ap9/run/mmcls025/mmclassification/checkpoints/resnet50_8xb32_in1k_20210831-ea4938fc.pth 

backbone.layer4.1.conv3.weight - torch.Size([2048, 512, 1, 1]): 
PretrainedInit: load from /HOME/scz0ap9/run/mmcls025/mmclassification/checkpoints/resnet50_8xb32_in1k_20210831-ea4938fc.pth 

backbone.layer4.1.bn3.weight - torch.Size([2048]): 
PretrainedInit: load from /HOME/scz0ap9/run/mmcls025/mmclassification/checkpoints/resnet50_8xb32_in1k_20210831-ea4938fc.pth 

backbone.layer4.1.bn3.bias - torch.Size([2048]): 
PretrainedInit: load from /HOME/scz0ap9/run/mmcls025/mmclassification/checkpoints/resnet50_8xb32_in1k_20210831-ea4938fc.pth 

backbone.layer4.2.conv1.weight - torch.Size([512, 2048, 1, 1]): 
PretrainedInit: load from /HOME/scz0ap9/run/mmcls025/mmclassification/checkpoints/resnet50_8xb32_in1k_20210831-ea4938fc.pth 

backbone.layer4.2.bn1.weight - torch.Size([512]): 
PretrainedInit: load from /HOME/scz0ap9/run/mmcls025/mmclassification/checkpoints/resnet50_8xb32_in1k_20210831-ea4938fc.pth 

backbone.layer4.2.bn1.bias - torch.Size([512]): 
PretrainedInit: load from /HOME/scz0ap9/run/mmcls025/mmclassification/checkpoints/resnet50_8xb32_in1k_20210831-ea4938fc.pth 

backbone.layer4.2.conv2.weight - torch.Size([512, 512, 3, 3]): 
PretrainedInit: load from /HOME/scz0ap9/run/mmcls025/mmclassification/checkpoints/resnet50_8xb32_in1k_20210831-ea4938fc.pth 

backbone.layer4.2.bn2.weight - torch.Size([512]): 
PretrainedInit: load from /HOME/scz0ap9/run/mmcls025/mmclassification/checkpoints/resnet50_8xb32_in1k_20210831-ea4938fc.pth 

backbone.layer4.2.bn2.bias - torch.Size([512]): 
PretrainedInit: load from /HOME/scz0ap9/run/mmcls025/mmclassification/checkpoints/resnet50_8xb32_in1k_20210831-ea4938fc.pth 

backbone.layer4.2.conv3.weight - torch.Size([2048, 512, 1, 1]): 
PretrainedInit: load from /HOME/scz0ap9/run/mmcls025/mmclassification/checkpoints/resnet50_8xb32_in1k_20210831-ea4938fc.pth 

backbone.layer4.2.bn3.weight - torch.Size([2048]): 
PretrainedInit: load from /HOME/scz0ap9/run/mmcls025/mmclassification/checkpoints/resnet50_8xb32_in1k_20210831-ea4938fc.pth 

backbone.layer4.2.bn3.bias - torch.Size([2048]): 
PretrainedInit: load from /HOME/scz0ap9/run/mmcls025/mmclassification/checkpoints/resnet50_8xb32_in1k_20210831-ea4938fc.pth 

head.fc.weight - torch.Size([10, 2048]): 
NormalInit: mean=0, std=0.01, bias=0 

head.fc.bias - torch.Size([10]): 
NormalInit: mean=0, std=0.01, bias=0 
2023-02-07 18:58:08,145 - mmcls - INFO - Start running, host: scz0ap9@g0099, work_dir: /data/run01/scz0ap9/mmcls025/mmclassification/assignment/cifar10
2023-02-07 18:58:08,145 - mmcls - INFO - Hooks will be executed in the following order:
before_run:
(VERY_HIGH   ) StepLrUpdaterHook                  
(NORMAL      ) CheckpointHook                     
(LOW         ) EvalHook                           
(VERY_LOW    ) TextLoggerHook                     
 -------------------- 
before_train_epoch:
(VERY_HIGH   ) StepLrUpdaterHook                  
(LOW         ) IterTimerHook                      
(LOW         ) EvalHook                           
(VERY_LOW    ) TextLoggerHook                     
 -------------------- 
before_train_iter:
(VERY_HIGH   ) StepLrUpdaterHook                  
(LOW         ) IterTimerHook                      
(LOW         ) EvalHook                           
 -------------------- 
after_train_iter:
(ABOVE_NORMAL) OptimizerHook                      
(NORMAL      ) CheckpointHook                     
(LOW         ) IterTimerHook                      
(LOW         ) EvalHook                           
(VERY_LOW    ) TextLoggerHook                     
 -------------------- 
after_train_epoch:
(NORMAL      ) CheckpointHook                     
(LOW         ) EvalHook                           
(VERY_LOW    ) TextLoggerHook                     
 -------------------- 
before_val_epoch:
(LOW         ) IterTimerHook                      
(VERY_LOW    ) TextLoggerHook                     
 -------------------- 
before_val_iter:
(LOW         ) IterTimerHook                      
 -------------------- 
after_val_iter:
(LOW         ) IterTimerHook                      
 -------------------- 
after_val_epoch:
(VERY_LOW    ) TextLoggerHook                     
 -------------------- 
after_run:
(VERY_LOW    ) TextLoggerHook                     
 -------------------- 
2023-02-07 18:58:08,145 - mmcls - INFO - workflow: [('train', 1)], max: 200 epochs
2023-02-07 18:58:08,145 - mmcls - INFO - Checkpoints will be saved to /data/run01/scz0ap9/mmcls025/mmclassification/assignment/cifar10 by HardDiskBackend.
2023-02-07 18:58:32,943 - mmcls - INFO - Epoch [1][100/391]	lr: 1.000e-02, eta: 5:21:59, time: 0.247, data_time: 0.031, memory: 3132, loss: 0.5266
2023-02-07 18:58:48,359 - mmcls - INFO - Epoch [1][200/391]	lr: 1.000e-02, eta: 4:20:59, time: 0.154, data_time: 0.001, memory: 3132, loss: 0.2340
2023-02-07 18:59:03,786 - mmcls - INFO - Epoch [1][300/391]	lr: 1.000e-02, eta: 4:00:31, time: 0.154, data_time: 0.001, memory: 3132, loss: 0.2070
2023-02-07 18:59:17,846 - mmcls - INFO - Saving checkpoint at 1 epochs
2023-02-07 18:59:25,891 - mmcls - INFO - Epoch(val) [1][79]	accuracy_top-1: 94.0200, accuracy_top-5: 99.9000
2023-02-07 18:59:43,537 - mmcls - INFO - Epoch [2][100/391]	lr: 1.000e-02, eta: 3:12:59, time: 0.176, data_time: 0.022, memory: 3132, loss: 0.1188
2023-02-07 18:59:59,042 - mmcls - INFO - Epoch [2][200/391]	lr: 1.000e-02, eta: 3:14:03, time: 0.155, data_time: 0.001, memory: 3132, loss: 0.1143
2023-02-07 19:00:14,546 - mmcls - INFO - Epoch [2][300/391]	lr: 1.000e-02, eta: 3:14:44, time: 0.155, data_time: 0.001, memory: 3132, loss: 0.1128
2023-02-07 19:00:28,577 - mmcls - INFO - Saving checkpoint at 2 epochs
2023-02-07 19:00:36,178 - mmcls - INFO - Epoch(val) [2][79]	accuracy_top-1: 94.1400, accuracy_top-5: 99.9100
2023-02-07 19:00:53,848 - mmcls - INFO - Epoch [3][100/391]	lr: 1.000e-02, eta: 2:57:55, time: 0.176, data_time: 0.022, memory: 3132, loss: 0.0716
2023-02-07 19:01:09,357 - mmcls - INFO - Epoch [3][200/391]	lr: 1.000e-02, eta: 2:59:55, time: 0.155, data_time: 0.001, memory: 3132, loss: 0.0864
2023-02-07 19:01:24,857 - mmcls - INFO - Epoch [3][300/391]	lr: 1.000e-02, eta: 3:01:29, time: 0.155, data_time: 0.001, memory: 3132, loss: 0.0788
2023-02-07 19:01:38,878 - mmcls - INFO - Saving checkpoint at 3 epochs
2023-02-07 19:01:46,452 - mmcls - INFO - Epoch(val) [3][79]	accuracy_top-1: 94.6100, accuracy_top-5: 99.9400
2023-02-07 19:02:04,104 - mmcls - INFO - Epoch [4][100/391]	lr: 1.000e-02, eta: 2:51:35, time: 0.176, data_time: 0.021, memory: 3132, loss: 0.0584
2023-02-07 19:02:19,621 - mmcls - INFO - Epoch [4][200/391]	lr: 1.000e-02, eta: 2:53:21, time: 0.155, data_time: 0.001, memory: 3132, loss: 0.0565
2023-02-07 19:02:35,139 - mmcls - INFO - Epoch [4][300/391]	lr: 1.000e-02, eta: 2:54:51, time: 0.155, data_time: 0.001, memory: 3132, loss: 0.0579
2023-02-07 19:02:49,187 - mmcls - INFO - Saving checkpoint at 4 epochs
2023-02-07 19:02:56,771 - mmcls - INFO - Epoch(val) [4][79]	accuracy_top-1: 94.7200, accuracy_top-5: 99.9100
2023-02-07 19:03:14,419 - mmcls - INFO - Epoch [5][100/391]	lr: 1.000e-02, eta: 2:47:52, time: 0.176, data_time: 0.022, memory: 3132, loss: 0.0387
2023-02-07 19:03:29,935 - mmcls - INFO - Epoch [5][200/391]	lr: 1.000e-02, eta: 2:49:21, time: 0.155, data_time: 0.001, memory: 3132, loss: 0.0403
2023-02-07 19:03:45,452 - mmcls - INFO - Epoch [5][300/391]	lr: 1.000e-02, eta: 2:50:39, time: 0.155, data_time: 0.001, memory: 3132, loss: 0.0468
2023-02-07 19:03:59,491 - mmcls - INFO - Saving checkpoint at 5 epochs
2023-02-07 19:04:07,080 - mmcls - INFO - Epoch(val) [5][79]	accuracy_top-1: 95.2300, accuracy_top-5: 99.9400
2023-02-07 19:04:24,758 - mmcls - INFO - Epoch [6][100/391]	lr: 1.000e-02, eta: 2:45:17, time: 0.176, data_time: 0.022, memory: 3132, loss: 0.0397
2023-02-07 19:04:40,291 - mmcls - INFO - Epoch [6][200/391]	lr: 1.000e-02, eta: 2:46:32, time: 0.155, data_time: 0.001, memory: 3132, loss: 0.0342
2023-02-07 19:04:55,829 - mmcls - INFO - Epoch [6][300/391]	lr: 1.000e-02, eta: 2:47:40, time: 0.155, data_time: 0.001, memory: 3132, loss: 0.0356
2023-02-07 19:05:09,870 - mmcls - INFO - Saving checkpoint at 6 epochs
2023-02-07 19:05:17,462 - mmcls - INFO - Epoch(val) [6][79]	accuracy_top-1: 95.1900, accuracy_top-5: 99.9000
2023-02-07 19:05:35,159 - mmcls - INFO - Epoch [7][100/391]	lr: 1.000e-02, eta: 2:43:17, time: 0.176, data_time: 0.022, memory: 3132, loss: 0.0362
2023-02-07 19:05:50,726 - mmcls - INFO - Epoch [7][200/391]	lr: 1.000e-02, eta: 2:44:22, time: 0.156, data_time: 0.001, memory: 3132, loss: 0.0264
2023-02-07 19:06:06,275 - mmcls - INFO - Epoch [7][300/391]	lr: 1.000e-02, eta: 2:45:21, time: 0.155, data_time: 0.001, memory: 3132, loss: 0.0355
2023-02-07 19:06:20,340 - mmcls - INFO - Saving checkpoint at 7 epochs
2023-02-07 19:06:27,930 - mmcls - INFO - Epoch(val) [7][79]	accuracy_top-1: 95.3200, accuracy_top-5: 99.9300
2023-02-07 19:06:45,578 - mmcls - INFO - Epoch [8][100/391]	lr: 1.000e-02, eta: 2:41:37, time: 0.176, data_time: 0.021, memory: 3132, loss: 0.0265
2023-02-07 19:07:01,091 - mmcls - INFO - Epoch [8][200/391]	lr: 1.000e-02, eta: 2:42:32, time: 0.155, data_time: 0.001, memory: 3132, loss: 0.0302
2023-02-07 19:07:16,605 - mmcls - INFO - Epoch [8][300/391]	lr: 1.000e-02, eta: 2:43:22, time: 0.155, data_time: 0.001, memory: 3132, loss: 0.0273
2023-02-07 19:07:30,654 - mmcls - INFO - Saving checkpoint at 8 epochs
2023-02-07 19:07:38,260 - mmcls - INFO - Epoch(val) [8][79]	accuracy_top-1: 95.7800, accuracy_top-5: 99.9000
2023-02-07 19:07:55,907 - mmcls - INFO - Epoch [9][100/391]	lr: 1.000e-02, eta: 2:40:07, time: 0.176, data_time: 0.022, memory: 3132, loss: 0.0193
2023-02-07 19:08:11,446 - mmcls - INFO - Epoch [9][200/391]	lr: 1.000e-02, eta: 2:40:56, time: 0.155, data_time: 0.001, memory: 3132, loss: 0.0207
2023-02-07 19:08:26,986 - mmcls - INFO - Epoch [9][300/391]	lr: 1.000e-02, eta: 2:41:40, time: 0.155, data_time: 0.001, memory: 3132, loss: 0.0257
2023-02-07 19:08:41,018 - mmcls - INFO - Saving checkpoint at 9 epochs
2023-02-07 19:08:48,650 - mmcls - INFO - Epoch(val) [9][79]	accuracy_top-1: 95.8400, accuracy_top-5: 99.9200
2023-02-07 19:09:06,302 - mmcls - INFO - Epoch [10][100/391]	lr: 1.000e-02, eta: 2:38:47, time: 0.176, data_time: 0.021, memory: 3132, loss: 0.0146
2023-02-07 19:09:21,811 - mmcls - INFO - Epoch [10][200/391]	lr: 1.000e-02, eta: 2:39:29, time: 0.155, data_time: 0.001, memory: 3132, loss: 0.0148
2023-02-07 19:09:37,336 - mmcls - INFO - Epoch [10][300/391]	lr: 1.000e-02, eta: 2:40:09, time: 0.155, data_time: 0.001, memory: 3132, loss: 0.0197
2023-02-07 19:09:51,383 - mmcls - INFO - Saving checkpoint at 10 epochs
2023-02-07 19:09:58,993 - mmcls - INFO - Epoch(val) [10][79]	accuracy_top-1: 96.0000, accuracy_top-5: 99.9600
2023-02-07 19:10:16,675 - mmcls - INFO - Epoch [11][100/391]	lr: 1.000e-02, eta: 2:37:33, time: 0.176, data_time: 0.022, memory: 3132, loss: 0.0198
2023-02-07 19:10:32,211 - mmcls - INFO - Epoch [11][200/391]	lr: 1.000e-02, eta: 2:38:11, time: 0.155, data_time: 0.001, memory: 3132, loss: 0.0199
2023-02-07 19:10:47,737 - mmcls - INFO - Epoch [11][300/391]	lr: 1.000e-02, eta: 2:38:46, time: 0.155, data_time: 0.001, memory: 3132, loss: 0.0222
2023-02-07 19:11:01,772 - mmcls - INFO - Saving checkpoint at 11 epochs
2023-02-07 19:11:09,373 - mmcls - INFO - Epoch(val) [11][79]	accuracy_top-1: 95.6400, accuracy_top-5: 99.9100
2023-02-07 19:11:27,030 - mmcls - INFO - Epoch [12][100/391]	lr: 1.000e-02, eta: 2:36:24, time: 0.176, data_time: 0.022, memory: 3132, loss: 0.0168
2023-02-07 19:11:42,564 - mmcls - INFO - Epoch [12][200/391]	lr: 1.000e-02, eta: 2:36:57, time: 0.155, data_time: 0.001, memory: 3132, loss: 0.0152
2023-02-07 19:11:58,102 - mmcls - INFO - Epoch [12][300/391]	lr: 1.000e-02, eta: 2:37:29, time: 0.155, data_time: 0.001, memory: 3132, loss: 0.0146
2023-02-07 19:12:12,162 - mmcls - INFO - Saving checkpoint at 12 epochs
2023-02-07 19:12:19,751 - mmcls - INFO - Epoch(val) [12][79]	accuracy_top-1: 95.6900, accuracy_top-5: 99.9500
2023-02-07 19:12:37,437 - mmcls - INFO - Epoch [13][100/391]	lr: 1.000e-02, eta: 2:35:19, time: 0.176, data_time: 0.022, memory: 3132, loss: 0.0146
2023-02-07 19:12:52,954 - mmcls - INFO - Epoch [13][200/391]	lr: 1.000e-02, eta: 2:35:48, time: 0.155, data_time: 0.001, memory: 3132, loss: 0.0159
2023-02-07 19:13:08,485 - mmcls - INFO - Epoch [13][300/391]	lr: 1.000e-02, eta: 2:36:16, time: 0.155, data_time: 0.001, memory: 3132, loss: 0.0167
2023-02-07 19:13:22,527 - mmcls - INFO - Saving checkpoint at 13 epochs
2023-02-07 19:13:30,133 - mmcls - INFO - Epoch(val) [13][79]	accuracy_top-1: 95.3800, accuracy_top-5: 99.9400
2023-02-07 19:13:47,782 - mmcls - INFO - Epoch [14][100/391]	lr: 1.000e-02, eta: 2:34:15, time: 0.176, data_time: 0.021, memory: 3132, loss: 0.0179
2023-02-07 19:14:03,306 - mmcls - INFO - Epoch [14][200/391]	lr: 1.000e-02, eta: 2:34:41, time: 0.155, data_time: 0.001, memory: 3132, loss: 0.0135
2023-02-07 19:14:18,838 - mmcls - INFO - Epoch [14][300/391]	lr: 1.000e-02, eta: 2:35:07, time: 0.155, data_time: 0.001, memory: 3132, loss: 0.0134
2023-02-07 19:14:32,880 - mmcls - INFO - Saving checkpoint at 14 epochs
2023-02-07 19:14:40,488 - mmcls - INFO - Epoch(val) [14][79]	accuracy_top-1: 95.6600, accuracy_top-5: 99.9000
2023-02-07 19:14:58,151 - mmcls - INFO - Epoch [15][100/391]	lr: 1.000e-02, eta: 2:33:13, time: 0.176, data_time: 0.022, memory: 3132, loss: 0.0114
2023-02-07 19:15:13,666 - mmcls - INFO - Epoch [15][200/391]	lr: 1.000e-02, eta: 2:33:37, time: 0.155, data_time: 0.001, memory: 3132, loss: 0.0133
2023-02-07 19:15:29,178 - mmcls - INFO - Epoch [15][300/391]	lr: 1.000e-02, eta: 2:34:00, time: 0.155, data_time: 0.001, memory: 3132, loss: 0.0124
2023-02-07 19:15:43,203 - mmcls - INFO - Saving checkpoint at 15 epochs
2023-02-07 19:15:50,838 - mmcls - INFO - Epoch(val) [15][79]	accuracy_top-1: 95.6300, accuracy_top-5: 99.9400
2023-02-07 19:16:08,469 - mmcls - INFO - Epoch [16][100/391]	lr: 1.000e-03, eta: 2:32:13, time: 0.176, data_time: 0.021, memory: 3132, loss: 0.0091
2023-02-07 19:16:23,970 - mmcls - INFO - Epoch [16][200/391]	lr: 1.000e-03, eta: 2:32:34, time: 0.155, data_time: 0.001, memory: 3132, loss: 0.0070
2023-02-07 19:16:39,473 - mmcls - INFO - Epoch [16][300/391]	lr: 1.000e-03, eta: 2:32:54, time: 0.155, data_time: 0.001, memory: 3132, loss: 0.0064
2023-02-07 19:16:53,505 - mmcls - INFO - Saving checkpoint at 16 epochs
2023-02-07 19:17:01,122 - mmcls - INFO - Epoch(val) [16][79]	accuracy_top-1: 96.3900, accuracy_top-5: 99.9200
2023-02-07 19:17:18,775 - mmcls - INFO - Epoch [17][100/391]	lr: 1.000e-03, eta: 2:31:14, time: 0.176, data_time: 0.022, memory: 3132, loss: 0.0044
2023-02-07 19:17:34,292 - mmcls - INFO - Epoch [17][200/391]	lr: 1.000e-03, eta: 2:31:33, time: 0.155, data_time: 0.001, memory: 3132, loss: 0.0039
2023-02-07 19:17:49,817 - mmcls - INFO - Epoch [17][300/391]	lr: 1.000e-03, eta: 2:31:52, time: 0.155, data_time: 0.001, memory: 3132, loss: 0.0038
2023-02-07 19:18:03,861 - mmcls - INFO - Saving checkpoint at 17 epochs
2023-02-07 19:18:11,448 - mmcls - INFO - Epoch(val) [17][79]	accuracy_top-1: 96.4200, accuracy_top-5: 99.9400
2023-02-07 19:18:29,151 - mmcls - INFO - Epoch [18][100/391]	lr: 1.000e-03, eta: 2:30:17, time: 0.176, data_time: 0.022, memory: 3132, loss: 0.0037
2023-02-07 19:18:44,696 - mmcls - INFO - Epoch [18][200/391]	lr: 1.000e-03, eta: 2:30:35, time: 0.155, data_time: 0.001, memory: 3132, loss: 0.0032
2023-02-07 19:19:00,245 - mmcls - INFO - Epoch [18][300/391]	lr: 1.000e-03, eta: 2:30:52, time: 0.155, data_time: 0.001, memory: 3132, loss: 0.0030
2023-02-07 19:19:14,295 - mmcls - INFO - Saving checkpoint at 18 epochs
2023-02-07 19:19:21,869 - mmcls - INFO - Epoch(val) [18][79]	accuracy_top-1: 96.6000, accuracy_top-5: 99.9400
2023-02-07 19:19:39,528 - mmcls - INFO - Epoch [19][100/391]	lr: 1.000e-03, eta: 2:29:21, time: 0.176, data_time: 0.022, memory: 3132, loss: 0.0025
2023-02-07 19:19:55,044 - mmcls - INFO - Epoch [19][200/391]	lr: 1.000e-03, eta: 2:29:37, time: 0.155, data_time: 0.001, memory: 3132, loss: 0.0024
2023-02-07 19:20:10,560 - mmcls - INFO - Epoch [19][300/391]	lr: 1.000e-03, eta: 2:29:52, time: 0.155, data_time: 0.001, memory: 3132, loss: 0.0028
2023-02-07 19:20:24,588 - mmcls - INFO - Saving checkpoint at 19 epochs
2023-02-07 19:20:32,180 - mmcls - INFO - Epoch(val) [19][79]	accuracy_top-1: 96.6200, accuracy_top-5: 99.9500
2023-02-07 19:20:49,805 - mmcls - INFO - Epoch [20][100/391]	lr: 1.000e-03, eta: 2:28:25, time: 0.176, data_time: 0.021, memory: 3132, loss: 0.0020
2023-02-07 19:21:05,321 - mmcls - INFO - Epoch [20][200/391]	lr: 1.000e-03, eta: 2:28:40, time: 0.155, data_time: 0.001, memory: 3132, loss: 0.0027
2023-02-07 19:21:20,838 - mmcls - INFO - Epoch [20][300/391]	lr: 1.000e-03, eta: 2:28:53, time: 0.155, data_time: 0.001, memory: 3132, loss: 0.0020
2023-02-07 19:21:34,854 - mmcls - INFO - Saving checkpoint at 20 epochs
2023-02-07 19:21:42,480 - mmcls - INFO - Epoch(val) [20][79]	accuracy_top-1: 96.6500, accuracy_top-5: 99.9400
2023-02-07 19:22:00,105 - mmcls - INFO - Epoch [21][100/391]	lr: 1.000e-03, eta: 2:27:30, time: 0.176, data_time: 0.021, memory: 3132, loss: 0.0017
2023-02-07 19:22:15,599 - mmcls - INFO - Epoch [21][200/391]	lr: 1.000e-03, eta: 2:27:43, time: 0.155, data_time: 0.001, memory: 3132, loss: 0.0018
2023-02-07 19:22:31,109 - mmcls - INFO - Epoch [21][300/391]	lr: 1.000e-03, eta: 2:27:55, time: 0.155, data_time: 0.001, memory: 3132, loss: 0.0015
2023-02-07 19:22:45,142 - mmcls - INFO - Saving checkpoint at 21 epochs
2023-02-07 19:22:52,772 - mmcls - INFO - Epoch(val) [21][79]	accuracy_top-1: 96.6500, accuracy_top-5: 99.9400
2023-02-07 19:23:10,414 - mmcls - INFO - Epoch [22][100/391]	lr: 1.000e-03, eta: 2:26:35, time: 0.176, data_time: 0.022, memory: 3132, loss: 0.0014
2023-02-07 19:23:25,926 - mmcls - INFO - Epoch [22][200/391]	lr: 1.000e-03, eta: 2:26:47, time: 0.155, data_time: 0.001, memory: 3132, loss: 0.0015
2023-02-07 19:23:41,428 - mmcls - INFO - Epoch [22][300/391]	lr: 1.000e-03, eta: 2:26:58, time: 0.155, data_time: 0.001, memory: 3132, loss: 0.0014
2023-02-07 19:23:55,441 - mmcls - INFO - Saving checkpoint at 22 epochs
2023-02-07 19:24:03,037 - mmcls - INFO - Epoch(val) [22][79]	accuracy_top-1: 96.7600, accuracy_top-5: 99.9400
2023-02-07 19:24:20,686 - mmcls - INFO - Epoch [23][100/391]	lr: 1.000e-03, eta: 2:25:41, time: 0.176, data_time: 0.022, memory: 3132, loss: 0.0015
2023-02-07 19:24:36,215 - mmcls - INFO - Epoch [23][200/391]	lr: 1.000e-03, eta: 2:25:52, time: 0.155, data_time: 0.001, memory: 3132, loss: 0.0013
2023-02-07 19:24:51,734 - mmcls - INFO - Epoch [23][300/391]	lr: 1.000e-03, eta: 2:26:02, time: 0.155, data_time: 0.001, memory: 3132, loss: 0.0014
2023-02-07 19:25:05,770 - mmcls - INFO - Saving checkpoint at 23 epochs
2023-02-07 19:25:13,435 - mmcls - INFO - Epoch(val) [23][79]	accuracy_top-1: 96.7700, accuracy_top-5: 99.9400
2023-02-07 19:25:31,096 - mmcls - INFO - Epoch [24][100/391]	lr: 1.000e-03, eta: 2:24:48, time: 0.176, data_time: 0.022, memory: 3132, loss: 0.0016
2023-02-07 19:25:46,605 - mmcls - INFO - Epoch [24][200/391]	lr: 1.000e-03, eta: 2:24:57, time: 0.155, data_time: 0.001, memory: 3132, loss: 0.0020
2023-02-07 19:26:02,104 - mmcls - INFO - Epoch [24][300/391]	lr: 1.000e-03, eta: 2:25:06, time: 0.155, data_time: 0.001, memory: 3132, loss: 0.0017
2023-02-07 19:26:16,117 - mmcls - INFO - Saving checkpoint at 24 epochs
2023-02-07 19:26:23,678 - mmcls - INFO - Epoch(val) [24][79]	accuracy_top-1: 96.7400, accuracy_top-5: 99.9400
2023-02-07 19:26:41,312 - mmcls - INFO - Epoch [25][100/391]	lr: 1.000e-03, eta: 2:23:55, time: 0.176, data_time: 0.021, memory: 3132, loss: 0.0016
2023-02-07 19:26:56,809 - mmcls - INFO - Epoch [25][200/391]	lr: 1.000e-03, eta: 2:24:03, time: 0.155, data_time: 0.001, memory: 3132, loss: 0.0014
2023-02-07 19:27:12,318 - mmcls - INFO - Epoch [25][300/391]	lr: 1.000e-03, eta: 2:24:11, time: 0.155, data_time: 0.001, memory: 3132, loss: 0.0018
2023-02-07 19:27:26,352 - mmcls - INFO - Saving checkpoint at 25 epochs
2023-02-07 19:27:33,941 - mmcls - INFO - Epoch(val) [25][79]	accuracy_top-1: 96.7300, accuracy_top-5: 99.9500
2023-02-07 19:27:51,596 - mmcls - INFO - Epoch [26][100/391]	lr: 1.000e-03, eta: 2:23:02, time: 0.176, data_time: 0.022, memory: 3132, loss: 0.0014
2023-02-07 19:28:07,106 - mmcls - INFO - Epoch [26][200/391]	lr: 1.000e-03, eta: 2:23:09, time: 0.155, data_time: 0.001, memory: 3132, loss: 0.0010
2023-02-07 19:28:22,616 - mmcls - INFO - Epoch [26][300/391]	lr: 1.000e-03, eta: 2:23:17, time: 0.155, data_time: 0.001, memory: 3132, loss: 0.0011
2023-02-07 19:28:36,644 - mmcls - INFO - Saving checkpoint at 26 epochs
2023-02-07 19:28:44,278 - mmcls - INFO - Epoch(val) [26][79]	accuracy_top-1: 96.7500, accuracy_top-5: 99.9300
2023-02-07 19:29:01,924 - mmcls - INFO - Epoch [27][100/391]	lr: 1.000e-03, eta: 2:22:09, time: 0.176, data_time: 0.021, memory: 3132, loss: 0.0010
2023-02-07 19:29:17,436 - mmcls - INFO - Epoch [27][200/391]	lr: 1.000e-03, eta: 2:22:16, time: 0.155, data_time: 0.001, memory: 3132, loss: 0.0012
2023-02-07 19:29:32,952 - mmcls - INFO - Epoch [27][300/391]	lr: 1.000e-03, eta: 2:22:22, time: 0.155, data_time: 0.001, memory: 3132, loss: 0.0019
2023-02-07 19:29:46,981 - mmcls - INFO - Saving checkpoint at 27 epochs
2023-02-07 19:29:54,626 - mmcls - INFO - Epoch(val) [27][79]	accuracy_top-1: 96.7100, accuracy_top-5: 99.9200
2023-02-07 19:30:12,261 - mmcls - INFO - Epoch [28][100/391]	lr: 1.000e-03, eta: 2:21:17, time: 0.176, data_time: 0.022, memory: 3132, loss: 0.0011
2023-02-07 19:30:27,771 - mmcls - INFO - Epoch [28][200/391]	lr: 1.000e-03, eta: 2:21:23, time: 0.155, data_time: 0.001, memory: 3132, loss: 0.0013
2023-02-07 19:30:43,284 - mmcls - INFO - Epoch [28][300/391]	lr: 1.000e-03, eta: 2:21:29, time: 0.155, data_time: 0.001, memory: 3132, loss: 0.0011
2023-02-07 19:30:57,297 - mmcls - INFO - Saving checkpoint at 28 epochs
2023-02-07 19:31:04,881 - mmcls - INFO - Epoch(val) [28][79]	accuracy_top-1: 96.7700, accuracy_top-5: 99.9200
2023-02-07 19:31:22,533 - mmcls - INFO - Epoch [29][100/391]	lr: 1.000e-03, eta: 2:20:25, time: 0.176, data_time: 0.022, memory: 3132, loss: 0.0008
2023-02-07 19:31:38,031 - mmcls - INFO - Epoch [29][200/391]	lr: 1.000e-03, eta: 2:20:30, time: 0.155, data_time: 0.001, memory: 3132, loss: 0.0010
2023-02-07 19:31:53,536 - mmcls - INFO - Epoch [29][300/391]	lr: 1.000e-03, eta: 2:20:35, time: 0.155, data_time: 0.001, memory: 3132, loss: 0.0013
2023-02-07 19:32:07,555 - mmcls - INFO - Saving checkpoint at 29 epochs
2023-02-07 19:32:15,159 - mmcls - INFO - Epoch(val) [29][79]	accuracy_top-1: 96.8000, accuracy_top-5: 99.9600
2023-02-07 19:32:32,818 - mmcls - INFO - Epoch [30][100/391]	lr: 1.000e-03, eta: 2:19:33, time: 0.176, data_time: 0.022, memory: 3132, loss: 0.0010
2023-02-07 19:32:48,327 - mmcls - INFO - Epoch [30][200/391]	lr: 1.000e-03, eta: 2:19:38, time: 0.155, data_time: 0.001, memory: 3132, loss: 0.0010
2023-02-07 19:33:03,839 - mmcls - INFO - Epoch [30][300/391]	lr: 1.000e-03, eta: 2:19:42, time: 0.155, data_time: 0.001, memory: 3132, loss: 0.0012
2023-02-07 19:33:17,861 - mmcls - INFO - Saving checkpoint at 30 epochs
2023-02-07 19:33:25,429 - mmcls - INFO - Epoch(val) [30][79]	accuracy_top-1: 96.7300, accuracy_top-5: 99.9300
2023-02-07 19:33:43,101 - mmcls - INFO - Epoch [31][100/391]	lr: 1.000e-03, eta: 2:18:42, time: 0.176, data_time: 0.022, memory: 3132, loss: 0.0013
2023-02-07 19:33:58,594 - mmcls - INFO - Epoch [31][200/391]	lr: 1.000e-03, eta: 2:18:46, time: 0.155, data_time: 0.001, memory: 3132, loss: 0.0008
2023-02-07 19:34:14,092 - mmcls - INFO - Epoch [31][300/391]	lr: 1.000e-03, eta: 2:18:49, time: 0.155, data_time: 0.001, memory: 3132, loss: 0.0011
2023-02-07 19:34:28,112 - mmcls - INFO - Saving checkpoint at 31 epochs
2023-02-07 19:34:35,668 - mmcls - INFO - Epoch(val) [31][79]	accuracy_top-1: 96.6900, accuracy_top-5: 99.9300
2023-02-07 19:34:53,333 - mmcls - INFO - Epoch [32][100/391]	lr: 1.000e-03, eta: 2:17:51, time: 0.176, data_time: 0.022, memory: 3132, loss: 0.0008
2023-02-07 19:35:08,830 - mmcls - INFO - Epoch [32][200/391]	lr: 1.000e-03, eta: 2:17:54, time: 0.155, data_time: 0.001, memory: 3132, loss: 0.0010
2023-02-07 19:35:24,342 - mmcls - INFO - Epoch [32][300/391]	lr: 1.000e-03, eta: 2:17:57, time: 0.155, data_time: 0.001, memory: 3132, loss: 0.0010
2023-02-07 19:35:38,354 - mmcls - INFO - Saving checkpoint at 32 epochs
2023-02-07 19:35:45,916 - mmcls - INFO - Epoch(val) [32][79]	accuracy_top-1: 96.7500, accuracy_top-5: 99.9400
2023-02-07 19:36:03,551 - mmcls - INFO - Epoch [33][100/391]	lr: 1.000e-03, eta: 2:16:59, time: 0.176, data_time: 0.021, memory: 3132, loss: 0.0014
2023-02-07 19:36:19,070 - mmcls - INFO - Epoch [33][200/391]	lr: 1.000e-03, eta: 2:17:02, time: 0.155, data_time: 0.001, memory: 3132, loss: 0.0011
2023-02-07 19:36:34,579 - mmcls - INFO - Epoch [33][300/391]	lr: 1.000e-03, eta: 2:17:05, time: 0.155, data_time: 0.001, memory: 3132, loss: 0.0011
2023-02-07 19:36:48,605 - mmcls - INFO - Saving checkpoint at 33 epochs
2023-02-07 19:36:56,179 - mmcls - INFO - Epoch(val) [33][79]	accuracy_top-1: 96.7600, accuracy_top-5: 99.9300
2023-02-07 19:37:13,816 - mmcls - INFO - Epoch [34][100/391]	lr: 1.000e-03, eta: 2:16:08, time: 0.176, data_time: 0.022, memory: 3132, loss: 0.0009
2023-02-07 19:37:29,324 - mmcls - INFO - Epoch [34][200/391]	lr: 1.000e-03, eta: 2:16:11, time: 0.155, data_time: 0.001, memory: 3132, loss: 0.0009
